{
  "stats": {
    "suites": 1,
    "tests": 1,
    "passes": 1,
    "pending": 0,
    "failures": 0,
    "start": "2022-09-09T03:16:41.490Z",
    "end": "2022-09-09T03:16:43.982Z",
    "duration": 2492,
    "testsRegistered": 1,
    "passPercent": 100,
    "pendingPercent": 0,
    "other": 0,
    "hasOther": false,
    "skipped": 0,
    "hasSkipped": false
  },
  "results": [
    {
      "uuid": "bee44fc0-7490-44d5-9fa0-c1035277dfb9",
      "title": "",
      "fullFile": "cypress/e2e/2-advanced-examples/local_storage.cy.js",
      "file": "cypress/e2e/2-advanced-examples/local_storage.cy.js",
      "beforeHooks": [],
      "afterHooks": [],
      "tests": [],
      "suites": [
        {
          "uuid": "660d161e-9a0f-4360-b58c-30cfe732992f",
          "title": "Local Storage",
          "fullFile": "",
          "file": "",
          "beforeHooks": [],
          "afterHooks": [],
          "tests": [
            {
              "title": "cy.clearLocalStorage() - clear all data in local storage",
              "fullTitle": "Local Storage cy.clearLocalStorage() - clear all data in local storage",
              "timedOut": null,
              "duration": 821,
              "state": "passed",
              "speed": "fast",
              "pass": true,
              "fail": false,
              "pending": false,
              "context": null,
              "code": "// https://on.cypress.io/clearlocalstorage\ncy.get(\".ls-btn\").click().should(() => {\n  expect(localStorage.getItem(\"prop1\")).to.eq(\"red\");\n  expect(localStorage.getItem(\"prop2\")).to.eq(\"blue\");\n  expect(localStorage.getItem(\"prop3\")).to.eq(\"magenta\");\n}); // clearLocalStorage() yields the localStorage object\ncy.clearLocalStorage().should(ls => {\n  expect(ls.getItem(\"prop1\")).to.be.null;\n  expect(ls.getItem(\"prop2\")).to.be.null;\n  expect(ls.getItem(\"prop3\")).to.be.null;\n});\ncy.get(\".ls-btn\").click().should(() => {\n  expect(localStorage.getItem(\"prop1\")).to.eq(\"red\");\n  expect(localStorage.getItem(\"prop2\")).to.eq(\"blue\");\n  expect(localStorage.getItem(\"prop3\")).to.eq(\"magenta\");\n}); // Clear key matching string in Local Storage\ncy.clearLocalStorage(\"prop1\").should(ls => {\n  expect(ls.getItem(\"prop1\")).to.be.null;\n  expect(ls.getItem(\"prop2\")).to.eq(\"blue\");\n  expect(ls.getItem(\"prop3\")).to.eq(\"magenta\");\n});\ncy.get(\".ls-btn\").click().should(() => {\n  expect(localStorage.getItem(\"prop1\")).to.eq(\"red\");\n  expect(localStorage.getItem(\"prop2\")).to.eq(\"blue\");\n  expect(localStorage.getItem(\"prop3\")).to.eq(\"magenta\");\n}); // Clear keys matching regex in Local Storage\ncy.clearLocalStorage(/prop1|2/).should(ls => {\n  expect(ls.getItem(\"prop1\")).to.be.null;\n  expect(ls.getItem(\"prop2\")).to.be.null;\n  expect(ls.getItem(\"prop3\")).to.eq(\"magenta\");\n});",
              "err": {},
              "uuid": "7f87dc35-1017-44a9-a192-55df9c5e9000",
              "parentUUID": "660d161e-9a0f-4360-b58c-30cfe732992f",
              "isHook": false,
              "skipped": false
            }
          ],
          "suites": [],
          "passes": [
            "7f87dc35-1017-44a9-a192-55df9c5e9000"
          ],
          "failures": [],
          "pending": [],
          "skipped": [],
          "duration": 821,
          "root": false,
          "rootEmpty": false,
          "_timeout": 2000
        }
      ],
      "passes": [],
      "failures": [],
      "pending": [],
      "skipped": [],
      "duration": 0,
      "root": true,
      "rootEmpty": true,
      "_timeout": 2000
    }
  ],
  "meta": {
    "mocha": {
      "version": "7.0.1"
    },
    "mochawesome": {
      "options": {
        "quiet": false,
        "reportFilename": "mochawesome",
        "saveHtml": true,
        "saveJson": true,
        "consoleReporter": "spec",
        "useInlineDiffs": false,
        "code": true
      },
      "version": "7.1.3"
    },
    "marge": {
      "options": {
        "id": "default",
        "reportDir": "cypress/reports/mocha",
        "quite": true,
        "overwrite": false,
        "html": true,
        "json": true
      },
      "version": "6.2.0"
    }
  }
}