{
  "stats": {
    "suites": 2,
    "tests": 6,
    "passes": 6,
    "pending": 0,
    "failures": 0,
    "start": "2022-09-09T03:16:48.515Z",
    "end": "2022-09-09T03:16:53.423Z",
    "duration": 4908,
    "testsRegistered": 6,
    "passPercent": 100,
    "pendingPercent": 0,
    "other": 0,
    "hasOther": false,
    "skipped": 0,
    "hasSkipped": false
  },
  "results": [
    {
      "uuid": "5b349221-2d83-432e-b5c8-fa46d0485e7a",
      "title": "",
      "fullFile": "cypress/e2e/2-advanced-examples/misc.cy.js",
      "file": "cypress/e2e/2-advanced-examples/misc.cy.js",
      "beforeHooks": [],
      "afterHooks": [],
      "tests": [],
      "suites": [
        {
          "uuid": "cd47aa55-9a6b-444c-8a2c-0bf3edb7c7fd",
          "title": "Misc",
          "fullFile": "",
          "file": "",
          "beforeHooks": [],
          "afterHooks": [],
          "tests": [
            {
              "title": ".end() - end the command chain",
              "fullTitle": "Misc .end() - end the command chain",
              "timedOut": null,
              "duration": 638,
              "state": "passed",
              "speed": "fast",
              "pass": true,
              "fail": false,
              "pending": false,
              "context": null,
              "code": "// https://on.cypress.io/end\n// cy.end is useful when you want to end a chain of commands\n// and force Cypress to re-query from the root element\ncy.get(\".misc-table\").within(() => {\n  // ends the current chain and yields null\n  cy.contains(\"Cheryl\").click().end(); // queries the entire table again\n  cy.contains(\"Charles\").click();\n});",
              "err": {},
              "uuid": "01bd7a86-1402-4bf8-8f7d-ab9321668ea9",
              "parentUUID": "cd47aa55-9a6b-444c-8a2c-0bf3edb7c7fd",
              "isHook": false,
              "skipped": false
            },
            {
              "title": "cy.exec() - execute a system command",
              "fullTitle": "Misc cy.exec() - execute a system command",
              "timedOut": null,
              "duration": 678,
              "state": "passed",
              "speed": "fast",
              "pass": true,
              "fail": false,
              "pending": false,
              "context": null,
              "code": "// execute a system command.\n// so you can take actions necessary for\n// your test outside the scope of Cypress.\n// https://on.cypress.io/exec\n// we can use Cypress.platform string to\n// select appropriate command\n// https://on.cypress/io/platform\ncy.log(`Platform ${Cypress.platform} architecture ${Cypress.arch}`); // on CircleCI Windows build machines we have a failure to run bash shell\n// https://github.com/cypress-io/cypress/issues/5169\n// so skip some of the tests by passing flag \"--env circle=true\"\nconst isCircleOnWindows = Cypress.platform === \"win32\" && Cypress.env(\"circle\");\nif (isCircleOnWindows) {\n  cy.log(\"Skipping test on CircleCI\");\n  return;\n} // cy.exec problem on Shippable CI\n// https://github.com/cypress-io/cypress/issues/6718\n\nconst isShippable = Cypress.platform === \"linux\" && Cypress.env(\"shippable\");\nif (isShippable) {\n  cy.log(\"Skipping test on ShippableCI\");\n  return;\n}\ncy.exec(\"echo Jane Lane\").its(\"stdout\").should(\"contain\", \"Jane Lane\");\nif (Cypress.platform === \"win32\") {\n  cy.exec(`print ${Cypress.config(\"configFile\")}`).its(\"stderr\").should(\"be.empty\");\n} else {\n  cy.exec(`cat ${Cypress.config(\"configFile\")}`).its(\"stderr\").should(\"be.empty\");\n  cy.exec(\"pwd\").its(\"code\").should(\"eq\", 0);\n}",
              "err": {},
              "uuid": "0b7acec6-ae42-4fbb-8cfc-6e0651609031",
              "parentUUID": "cd47aa55-9a6b-444c-8a2c-0bf3edb7c7fd",
              "isHook": false,
              "skipped": false
            },
            {
              "title": "cy.focused() - get the DOM element that has focus",
              "fullTitle": "Misc cy.focused() - get the DOM element that has focus",
              "timedOut": null,
              "duration": 359,
              "state": "passed",
              "speed": "fast",
              "pass": true,
              "fail": false,
              "pending": false,
              "context": null,
              "code": "// https://on.cypress.io/focused\ncy.get(\".misc-form\").find(\"#name\").click();\ncy.focused().should(\"have.id\", \"name\");\ncy.get(\".misc-form\").find(\"#description\").click();\ncy.focused().should(\"have.id\", \"description\");",
              "err": {},
              "uuid": "3ca5e756-3cfc-4ffb-ab57-b2d740e8c3b3",
              "parentUUID": "cd47aa55-9a6b-444c-8a2c-0bf3edb7c7fd",
              "isHook": false,
              "skipped": false
            },
            {
              "title": "cy.wrap() - wrap an object",
              "fullTitle": "Misc cy.wrap() - wrap an object",
              "timedOut": null,
              "duration": 159,
              "state": "passed",
              "speed": "fast",
              "pass": true,
              "fail": false,
              "pending": false,
              "context": null,
              "code": "// https://on.cypress.io/wrap\ncy.wrap({\n  foo: \"bar\"\n}).should(\"have.property\", \"foo\").and(\"include\", \"bar\");",
              "err": {},
              "uuid": "0b94ac94-d4aa-4676-8fa1-b7ec8324e8c3",
              "parentUUID": "cd47aa55-9a6b-444c-8a2c-0bf3edb7c7fd",
              "isHook": false,
              "skipped": false
            }
          ],
          "suites": [
            {
              "uuid": "b083827c-0098-4408-9603-735f32baa03f",
              "title": "Cypress.Screenshot",
              "fullFile": "",
              "file": "",
              "beforeHooks": [],
              "afterHooks": [],
              "tests": [
                {
                  "title": "cy.screenshot() - take a screenshot",
                  "fullTitle": "Misc Cypress.Screenshot cy.screenshot() - take a screenshot",
                  "timedOut": null,
                  "duration": 1393,
                  "state": "passed",
                  "speed": "fast",
                  "pass": true,
                  "fail": false,
                  "pending": false,
                  "context": null,
                  "code": "// https://on.cypress.io/screenshot\ncy.screenshot(\"my-image\");",
                  "err": {},
                  "uuid": "55b7487c-00a4-4211-a882-90dfe609d0d3",
                  "parentUUID": "b083827c-0098-4408-9603-735f32baa03f",
                  "isHook": false,
                  "skipped": false
                },
                {
                  "title": "Cypress.Screenshot.defaults() - change default config of screenshots",
                  "fullTitle": "Misc Cypress.Screenshot Cypress.Screenshot.defaults() - change default config of screenshots",
                  "timedOut": null,
                  "duration": 185,
                  "state": "passed",
                  "speed": "fast",
                  "pass": true,
                  "fail": false,
                  "pending": false,
                  "context": null,
                  "code": "Cypress.Screenshot.defaults({\n  blackout: [\".foo\"],\n  capture: \"viewport\",\n  clip: {\n    x: 0,\n    y: 0,\n    width: 200,\n    height: 200\n  },\n  scale: false,\n  disableTimersAndAnimations: true,\n  screenshotOnRunFailure: true,\n  onBeforeScreenshot() {},\n  onAfterScreenshot() {}\n});",
                  "err": {},
                  "uuid": "71f0b24f-48ff-4f73-b794-4ce010859d19",
                  "parentUUID": "b083827c-0098-4408-9603-735f32baa03f",
                  "isHook": false,
                  "skipped": false
                }
              ],
              "suites": [],
              "passes": [
                "55b7487c-00a4-4211-a882-90dfe609d0d3",
                "71f0b24f-48ff-4f73-b794-4ce010859d19"
              ],
              "failures": [],
              "pending": [],
              "skipped": [],
              "duration": 1578,
              "root": false,
              "rootEmpty": false,
              "_timeout": 2000
            }
          ],
          "passes": [
            "01bd7a86-1402-4bf8-8f7d-ab9321668ea9",
            "0b7acec6-ae42-4fbb-8cfc-6e0651609031",
            "3ca5e756-3cfc-4ffb-ab57-b2d740e8c3b3",
            "0b94ac94-d4aa-4676-8fa1-b7ec8324e8c3"
          ],
          "failures": [],
          "pending": [],
          "skipped": [],
          "duration": 1834,
          "root": false,
          "rootEmpty": false,
          "_timeout": 2000
        }
      ],
      "passes": [],
      "failures": [],
      "pending": [],
      "skipped": [],
      "duration": 0,
      "root": true,
      "rootEmpty": true,
      "_timeout": 2000
    }
  ],
  "meta": {
    "mocha": {
      "version": "7.0.1"
    },
    "mochawesome": {
      "options": {
        "quiet": false,
        "reportFilename": "mochawesome",
        "saveHtml": true,
        "saveJson": true,
        "consoleReporter": "spec",
        "useInlineDiffs": false,
        "code": true
      },
      "version": "7.1.3"
    },
    "marge": {
      "options": {
        "id": "default",
        "reportDir": "cypress/reports/mocha",
        "quite": true,
        "overwrite": false,
        "html": true,
        "json": true
      },
      "version": "6.2.0"
    }
  }
}