{
  "stats": {
    "suites": 1,
    "tests": 2,
    "passes": 2,
    "pending": 0,
    "failures": 0,
    "start": "2022-09-09T03:17:43.025Z",
    "end": "2022-09-09T03:17:50.148Z",
    "duration": 7123,
    "testsRegistered": 2,
    "passPercent": 100,
    "pendingPercent": 0,
    "other": 0,
    "hasOther": false,
    "skipped": 0,
    "hasSkipped": false
  },
  "results": [
    {
      "uuid": "ac85e0e6-d3a3-48a1-828e-3e4274ed564b",
      "title": "",
      "fullFile": "cypress/e2e/2-advanced-examples/waiting.cy.js",
      "file": "cypress/e2e/2-advanced-examples/waiting.cy.js",
      "beforeHooks": [],
      "afterHooks": [],
      "tests": [],
      "suites": [
        {
          "uuid": "cf2f3a2b-4119-4718-81b2-734deb22dc4f",
          "title": "Waiting",
          "fullFile": "",
          "file": "",
          "beforeHooks": [],
          "afterHooks": [],
          "tests": [
            {
              "title": "cy.wait() - wait for a specific amount of time",
              "fullTitle": "Waiting cy.wait() - wait for a specific amount of time",
              "timedOut": null,
              "duration": 4881,
              "state": "passed",
              "speed": "fast",
              "pass": true,
              "fail": false,
              "pending": false,
              "context": null,
              "code": "cy.get(\".wait-input1\").type(\"Wait 1000ms after typing\");\ncy.wait(1000);\ncy.get(\".wait-input2\").type(\"Wait 1000ms after typing\");\ncy.wait(1000);\ncy.get(\".wait-input3\").type(\"Wait 1000ms after typing\");\ncy.wait(1000);",
              "err": {},
              "uuid": "6cfa4a58-ccef-40e7-a218-7c4d34b5f5be",
              "parentUUID": "cf2f3a2b-4119-4718-81b2-734deb22dc4f",
              "isHook": false,
              "skipped": false
            },
            {
              "title": "cy.wait() - wait for a specific route",
              "fullTitle": "Waiting cy.wait() - wait for a specific route",
              "timedOut": null,
              "duration": 889,
              "state": "passed",
              "speed": "fast",
              "pass": true,
              "fail": false,
              "pending": false,
              "context": null,
              "code": "// Listen to GET to comments/1\ncy.intercept(\"GET\", \"**/comments/*\").as(\"getComment\"); // we have code that gets a comment when\n// the button is clicked in scripts.js\ncy.get(\".network-btn\").click(); // wait for GET comments/1\ncy.wait(\"@getComment\").its(\"response.statusCode\").should(\"be.oneOf\", [200, 304]);",
              "err": {},
              "uuid": "efa8b54b-16ff-4099-89dc-03a790b3e168",
              "parentUUID": "cf2f3a2b-4119-4718-81b2-734deb22dc4f",
              "isHook": false,
              "skipped": false
            }
          ],
          "suites": [],
          "passes": [
            "6cfa4a58-ccef-40e7-a218-7c4d34b5f5be",
            "efa8b54b-16ff-4099-89dc-03a790b3e168"
          ],
          "failures": [],
          "pending": [],
          "skipped": [],
          "duration": 5770,
          "root": false,
          "rootEmpty": false,
          "_timeout": 2000
        }
      ],
      "passes": [],
      "failures": [],
      "pending": [],
      "skipped": [],
      "duration": 0,
      "root": true,
      "rootEmpty": true,
      "_timeout": 2000
    }
  ],
  "meta": {
    "mocha": {
      "version": "7.0.1"
    },
    "mochawesome": {
      "options": {
        "quiet": false,
        "reportFilename": "mochawesome",
        "saveHtml": true,
        "saveJson": true,
        "consoleReporter": "spec",
        "useInlineDiffs": false,
        "code": true
      },
      "version": "7.1.3"
    },
    "marge": {
      "options": {
        "id": "default",
        "reportDir": "cypress/reports/mocha",
        "quite": true,
        "overwrite": false,
        "html": true,
        "json": true
      },
      "version": "6.2.0"
    }
  }
}