{
  "stats": {
    "suites": 1,
    "tests": 3,
    "passes": 3,
    "pending": 0,
    "failures": 0,
    "start": "2022-09-09T03:16:54.914Z",
    "end": "2022-09-09T03:16:59.261Z",
    "duration": 4347,
    "testsRegistered": 3,
    "passPercent": 100,
    "pendingPercent": 0,
    "other": 0,
    "hasOther": false,
    "skipped": 0,
    "hasSkipped": false
  },
  "results": [
    {
      "uuid": "f9af1624-b249-430b-ada2-a72574116962",
      "title": "",
      "fullFile": "cypress/e2e/2-advanced-examples/navigation.cy.js",
      "file": "cypress/e2e/2-advanced-examples/navigation.cy.js",
      "beforeHooks": [],
      "afterHooks": [],
      "tests": [],
      "suites": [
        {
          "uuid": "e704bd90-bc39-4c5c-af07-ac5aac69f09e",
          "title": "Navigation",
          "fullFile": "",
          "file": "",
          "beforeHooks": [],
          "afterHooks": [],
          "tests": [
            {
              "title": "cy.go() - go back or forward in the browser's history",
              "fullTitle": "Navigation cy.go() - go back or forward in the browser's history",
              "timedOut": null,
              "duration": 1337,
              "state": "passed",
              "speed": "fast",
              "pass": true,
              "fail": false,
              "pending": false,
              "context": null,
              "code": "// https://on.cypress.io/go\ncy.location(\"pathname\").should(\"include\", \"navigation\");\ncy.go(\"back\");\ncy.location(\"pathname\").should(\"not.include\", \"navigation\");\ncy.go(\"forward\");\ncy.location(\"pathname\").should(\"include\", \"navigation\"); // clicking back\ncy.go(-1);\ncy.location(\"pathname\").should(\"not.include\", \"navigation\"); // clicking forward\ncy.go(1);\ncy.location(\"pathname\").should(\"include\", \"navigation\");",
              "err": {},
              "uuid": "78f01c47-6a5c-4e90-b62b-acda7523ee2c",
              "parentUUID": "e704bd90-bc39-4c5c-af07-ac5aac69f09e",
              "isHook": false,
              "skipped": false
            },
            {
              "title": "cy.reload() - reload the page",
              "fullTitle": "Navigation cy.reload() - reload the page",
              "timedOut": null,
              "duration": 821,
              "state": "passed",
              "speed": "fast",
              "pass": true,
              "fail": false,
              "pending": false,
              "context": null,
              "code": "// https://on.cypress.io/reload\ncy.reload(); // reload the page without using the cache\ncy.reload(true);",
              "err": {},
              "uuid": "1239b89c-a840-4c57-9210-87e9b449f64d",
              "parentUUID": "e704bd90-bc39-4c5c-af07-ac5aac69f09e",
              "isHook": false,
              "skipped": false
            },
            {
              "title": "cy.visit() - visit a remote url",
              "fullTitle": "Navigation cy.visit() - visit a remote url",
              "timedOut": null,
              "duration": 732,
              "state": "passed",
              "speed": "fast",
              "pass": true,
              "fail": false,
              "pending": false,
              "context": null,
              "code": "// https://on.cypress.io/visit\n// Visit any sub-domain of your current domain\n// Pass options to the visit\ncy.visit(\"https://example.cypress.io/commands/navigation\", {\n  timeout: 50000,\n  // increase total time for the visit to resolve\n  onBeforeLoad(contentWindow) {\n    // contentWindow is the remote page's window object\n    expect(typeof contentWindow === \"object\").to.be.true;\n  },\n  onLoad(contentWindow) {\n    // contentWindow is the remote page's window object\n    expect(typeof contentWindow === \"object\").to.be.true;\n  }\n});",
              "err": {},
              "uuid": "29e514af-6d4d-4a83-948a-8e9d04577687",
              "parentUUID": "e704bd90-bc39-4c5c-af07-ac5aac69f09e",
              "isHook": false,
              "skipped": false
            }
          ],
          "suites": [],
          "passes": [
            "78f01c47-6a5c-4e90-b62b-acda7523ee2c",
            "1239b89c-a840-4c57-9210-87e9b449f64d",
            "29e514af-6d4d-4a83-948a-8e9d04577687"
          ],
          "failures": [],
          "pending": [],
          "skipped": [],
          "duration": 2890,
          "root": false,
          "rootEmpty": false,
          "_timeout": 2000
        }
      ],
      "passes": [],
      "failures": [],
      "pending": [],
      "skipped": [],
      "duration": 0,
      "root": true,
      "rootEmpty": true,
      "_timeout": 2000
    }
  ],
  "meta": {
    "mocha": {
      "version": "7.0.1"
    },
    "mochawesome": {
      "options": {
        "quiet": false,
        "reportFilename": "mochawesome",
        "saveHtml": true,
        "saveJson": true,
        "consoleReporter": "spec",
        "useInlineDiffs": false,
        "code": true
      },
      "version": "7.1.3"
    },
    "marge": {
      "options": {
        "id": "default",
        "reportDir": "cypress/reports/mocha",
        "quite": true,
        "overwrite": false,
        "html": true,
        "json": true
      },
      "version": "6.2.0"
    }
  }
}