{
  "stats": {
    "suites": 1,
    "tests": 5,
    "passes": 5,
    "pending": 0,
    "failures": 0,
    "start": "2022-09-09T03:17:30.224Z",
    "end": "2022-09-09T03:17:35.369Z",
    "duration": 5145,
    "testsRegistered": 5,
    "passPercent": 100,
    "pendingPercent": 0,
    "other": 0,
    "hasOther": false,
    "skipped": 0,
    "hasSkipped": false
  },
  "results": [
    {
      "uuid": "5eaab44c-66d3-4fe9-9ebd-1620ac26cf72",
      "title": "",
      "fullFile": "cypress/e2e/2-advanced-examples/utilities.cy.js",
      "file": "cypress/e2e/2-advanced-examples/utilities.cy.js",
      "beforeHooks": [],
      "afterHooks": [],
      "tests": [],
      "suites": [
        {
          "uuid": "b77a3c4c-58ee-43e8-88d8-3acc2ea079f2",
          "title": "Utilities",
          "fullFile": "",
          "file": "",
          "beforeHooks": [],
          "afterHooks": [],
          "tests": [
            {
              "title": "Cypress._ - call a lodash method",
              "fullTitle": "Utilities Cypress._ - call a lodash method",
              "timedOut": null,
              "duration": 1139,
              "state": "passed",
              "speed": "fast",
              "pass": true,
              "fail": false,
              "pending": false,
              "context": null,
              "code": "// https://on.cypress.io/_\ncy.request(\"https://jsonplaceholder.cypress.io/users\").then(response => {\n  let ids = Cypress._.chain(response.body).map(\"id\").take(3).value();\n  expect(ids).to.deep.eq([1, 2, 3]);\n});",
              "err": {},
              "uuid": "844444eb-699d-47a2-b034-6ad6321d473a",
              "parentUUID": "b77a3c4c-58ee-43e8-88d8-3acc2ea079f2",
              "isHook": false,
              "skipped": false
            },
            {
              "title": "Cypress.$ - call a jQuery method",
              "fullTitle": "Utilities Cypress.$ - call a jQuery method",
              "timedOut": null,
              "duration": 281,
              "state": "passed",
              "speed": "fast",
              "pass": true,
              "fail": false,
              "pending": false,
              "context": null,
              "code": "// https://on.cypress.io/$\nlet $li = Cypress.$(\".utility-jquery li:first\");\ncy.wrap($li).should(\"not.have.class\", \"active\").click().should(\"have.class\", \"active\");",
              "err": {},
              "uuid": "bf77e9b0-d8aa-4afa-a0cf-31fe60221f44",
              "parentUUID": "b77a3c4c-58ee-43e8-88d8-3acc2ea079f2",
              "isHook": false,
              "skipped": false
            },
            {
              "title": "Cypress.Blob - blob utilities and base64 string conversion",
              "fullTitle": "Utilities Cypress.Blob - blob utilities and base64 string conversion",
              "timedOut": null,
              "duration": 672,
              "state": "passed",
              "speed": "fast",
              "pass": true,
              "fail": false,
              "pending": false,
              "context": null,
              "code": "// https://on.cypress.io/blob\ncy.get(\".utility-blob\").then($div => {\n  // https://github.com/nolanlawson/blob-util#imgSrcToDataURL\n  // get the dataUrl string for the javascript-logo\n  return Cypress.Blob.imgSrcToDataURL(\"https://example.cypress.io/assets/img/javascript-logo.png\", undefined, \"anonymous\").then(dataUrl => {\n    // create an <img> element and set its src to the dataUrl\n    let img = Cypress.$(\"<img />\", {\n      src: dataUrl\n    }); // need to explicitly return cy here since we are initially returning\n    // the Cypress.Blob.imgSrcToDataURL promise to our test\n    // append the image\n    $div.append(img);\n    cy.get(\".utility-blob img\").click().should(\"have.attr\", \"src\", dataUrl);\n  });\n});",
              "err": {},
              "uuid": "7b0487db-e501-4c2d-868a-fb1bdfc999b0",
              "parentUUID": "b77a3c4c-58ee-43e8-88d8-3acc2ea079f2",
              "isHook": false,
              "skipped": false
            },
            {
              "title": "Cypress.minimatch - test out glob patterns against strings",
              "fullTitle": "Utilities Cypress.minimatch - test out glob patterns against strings",
              "timedOut": null,
              "duration": 180,
              "state": "passed",
              "speed": "fast",
              "pass": true,
              "fail": false,
              "pending": false,
              "context": null,
              "code": "// https://on.cypress.io/minimatch\nlet matching = Cypress.minimatch(\"/users/1/comments\", \"/users/*/comments\", {\n  matchBase: true\n});\nexpect(matching, \"matching wildcard\").to.be.true;\nmatching = Cypress.minimatch(\"/users/1/comments/2\", \"/users/*/comments\", {\n  matchBase: true\n});\nexpect(matching, \"comments\").to.be.false; // ** matches against all downstream path segments\nmatching = Cypress.minimatch(\"/foo/bar/baz/123/quux?a=b&c=2\", \"/foo/**\", {\n  matchBase: true\n});\nexpect(matching, \"comments\").to.be.true; // whereas * matches only the next path segment\nmatching = Cypress.minimatch(\"/foo/bar/baz/123/quux?a=b&c=2\", \"/foo/*\", {\n  matchBase: false\n});\nexpect(matching, \"comments\").to.be.false;",
              "err": {},
              "uuid": "6277343c-0538-454c-8664-56400ee2fdc3",
              "parentUUID": "b77a3c4c-58ee-43e8-88d8-3acc2ea079f2",
              "isHook": false,
              "skipped": false
            },
            {
              "title": "Cypress.Promise - instantiate a bluebird promise",
              "fullTitle": "Utilities Cypress.Promise - instantiate a bluebird promise",
              "timedOut": null,
              "duration": 1155,
              "state": "passed",
              "speed": "fast",
              "pass": true,
              "fail": false,
              "pending": false,
              "context": null,
              "code": "// https://on.cypress.io/promise\nlet waited = false;\n/**\n * @return Bluebird<string>\n */\nfunction waitOneSecond() {\n  // return a promise that resolves after 1 second\n  return new Cypress.Promise((resolve, reject) => {\n    setTimeout(() => {\n      // set waited to true\n      waited = true; // resolve with 'foo' string\n      resolve(\"foo\");\n    }, 1000);\n  });\n}\ncy.then(() => {\n  // return a promise to cy.then() that\n  // is awaited until it resolves\n  return waitOneSecond().then(str => {\n    expect(str).to.eq(\"foo\");\n    expect(waited).to.be.true;\n  });\n});",
              "err": {},
              "uuid": "668613ce-dc7b-4cd9-990e-1e90762c2c6c",
              "parentUUID": "b77a3c4c-58ee-43e8-88d8-3acc2ea079f2",
              "isHook": false,
              "skipped": false
            }
          ],
          "suites": [],
          "passes": [
            "844444eb-699d-47a2-b034-6ad6321d473a",
            "bf77e9b0-d8aa-4afa-a0cf-31fe60221f44",
            "7b0487db-e501-4c2d-868a-fb1bdfc999b0",
            "6277343c-0538-454c-8664-56400ee2fdc3",
            "668613ce-dc7b-4cd9-990e-1e90762c2c6c"
          ],
          "failures": [],
          "pending": [],
          "skipped": [],
          "duration": 3427,
          "root": false,
          "rootEmpty": false,
          "_timeout": 2000
        }
      ],
      "passes": [],
      "failures": [],
      "pending": [],
      "skipped": [],
      "duration": 0,
      "root": true,
      "rootEmpty": true,
      "_timeout": 2000
    }
  ],
  "meta": {
    "mocha": {
      "version": "7.0.1"
    },
    "mochawesome": {
      "options": {
        "quiet": false,
        "reportFilename": "mochawesome",
        "saveHtml": true,
        "saveJson": true,
        "consoleReporter": "spec",
        "useInlineDiffs": false,
        "code": true
      },
      "version": "7.1.3"
    },
    "marge": {
      "options": {
        "id": "default",
        "reportDir": "cypress/reports/mocha",
        "quite": true,
        "overwrite": false,
        "html": true,
        "json": true
      },
      "version": "6.2.0"
    }
  }
}