{
  "stats": {
    "suites": 1,
    "tests": 4,
    "passes": 4,
    "pending": 0,
    "failures": 0,
    "start": "2022-09-09T03:16:36.520Z",
    "end": "2022-09-09T03:16:40.150Z",
    "duration": 3630,
    "testsRegistered": 4,
    "passPercent": 100,
    "pendingPercent": 0,
    "other": 0,
    "hasOther": false,
    "skipped": 0,
    "hasSkipped": false
  },
  "results": [
    {
      "uuid": "58412afb-0c2d-433e-b6b1-32f64e718cb9",
      "title": "",
      "fullFile": "cypress/e2e/2-advanced-examples/files.cy.js",
      "file": "cypress/e2e/2-advanced-examples/files.cy.js",
      "beforeHooks": [],
      "afterHooks": [],
      "tests": [],
      "suites": [
        {
          "uuid": "fa9c5ce9-05d7-4ac2-b081-cda6d0cf7179",
          "title": "Files",
          "fullFile": "",
          "file": "",
          "beforeHooks": [],
          "afterHooks": [],
          "tests": [
            {
              "title": "cy.fixture() - load a fixture",
              "fullTitle": "Files cy.fixture() - load a fixture",
              "timedOut": null,
              "duration": 479,
              "state": "passed",
              "speed": "fast",
              "pass": true,
              "fail": false,
              "pending": false,
              "context": null,
              "code": "// https://on.cypress.io/fixture\n// Instead of writing a response inline you can\n// use a fixture file's content.\n// when application makes an Ajax request matching \"GET **/comments/*\"\n// Cypress will intercept it and reply with the object in `example.json` fixture\ncy.intercept(\"GET\", \"**/comments/*\", {\n  fixture: \"example.json\"\n}).as(\"getComment\"); // we have code that gets a comment when\n// the button is clicked in scripts.js\ncy.get(\".fixture-btn\").click();\ncy.wait(\"@getComment\").its(\"response.body\").should(\"have.property\", \"name\").and(\"include\", \"Using fixtures to represent data\");",
              "err": {},
              "uuid": "b1cf1a65-3b62-475f-8230-fe3b8b7730d2",
              "parentUUID": "fa9c5ce9-05d7-4ac2-b081-cda6d0cf7179",
              "isHook": false,
              "skipped": false
            },
            {
              "title": "cy.fixture() or require - load a fixture",
              "fullTitle": "Files cy.fixture() or require - load a fixture",
              "timedOut": null,
              "duration": 187,
              "state": "passed",
              "speed": "fast",
              "pass": true,
              "fail": false,
              "pending": false,
              "context": null,
              "code": "// we are inside the \"function () { ... }\"\n// callback and can use test context object \"this\"\n// \"this.example\" was loaded in \"beforeEach\" function callback\nexpect(this.example, \"fixture in the test context\").to.deep.equal(requiredExample); // or use \"cy.wrap\" and \"should('deep.equal', ...)\" assertion\ncy.wrap(this.example).should(\"deep.equal\", requiredExample);",
              "err": {},
              "uuid": "292e1611-3218-4029-9f21-e95bf7e39cd9",
              "parentUUID": "fa9c5ce9-05d7-4ac2-b081-cda6d0cf7179",
              "isHook": false,
              "skipped": false
            },
            {
              "title": "cy.readFile() - read file contents",
              "fullTitle": "Files cy.readFile() - read file contents",
              "timedOut": null,
              "duration": 165,
              "state": "passed",
              "speed": "fast",
              "pass": true,
              "fail": false,
              "pending": false,
              "context": null,
              "code": "// https://on.cypress.io/readfile\n// You can read a file and yield its contents\n// The filePath is relative to your project's root.\ncy.readFile(Cypress.config(\"configFile\")).then(config => {\n  expect(config).to.be.an(\"string\");\n});",
              "err": {},
              "uuid": "b49686a6-a472-476e-8eaf-340c0f89a70e",
              "parentUUID": "fa9c5ce9-05d7-4ac2-b081-cda6d0cf7179",
              "isHook": false,
              "skipped": false
            },
            {
              "title": "cy.writeFile() - write to a file",
              "fullTitle": "Files cy.writeFile() - write to a file",
              "timedOut": null,
              "duration": 1382,
              "state": "passed",
              "speed": "fast",
              "pass": true,
              "fail": false,
              "pending": false,
              "context": null,
              "code": "// https://on.cypress.io/writefile\n// You can write to a file\n// Use a response from a request to automatically\n// generate a fixture file for use later\ncy.request(\"https://jsonplaceholder.cypress.io/users\").then(response => {\n  cy.writeFile(\"cypress/fixtures/users.json\", response.body);\n});\ncy.fixture(\"users\").should(users => {\n  expect(users[0].name).to.exist;\n}); // JavaScript arrays and objects are stringified\n// and formatted into text.\ncy.writeFile(\"cypress/fixtures/profile.json\", {\n  id: 8739,\n  name: \"Jane\",\n  email: \"jane@example.com\"\n});\ncy.fixture(\"profile\").should(profile => {\n  expect(profile.name).to.eq(\"Jane\");\n});",
              "err": {},
              "uuid": "d9a70d96-97e6-4d49-b2ee-1ef990aaaa05",
              "parentUUID": "fa9c5ce9-05d7-4ac2-b081-cda6d0cf7179",
              "isHook": false,
              "skipped": false
            }
          ],
          "suites": [],
          "passes": [
            "b1cf1a65-3b62-475f-8230-fe3b8b7730d2",
            "292e1611-3218-4029-9f21-e95bf7e39cd9",
            "b49686a6-a472-476e-8eaf-340c0f89a70e",
            "d9a70d96-97e6-4d49-b2ee-1ef990aaaa05"
          ],
          "failures": [],
          "pending": [],
          "skipped": [],
          "duration": 2213,
          "root": false,
          "rootEmpty": false,
          "_timeout": 2000
        }
      ],
      "passes": [],
      "failures": [],
      "pending": [],
      "skipped": [],
      "duration": 0,
      "root": true,
      "rootEmpty": true,
      "_timeout": 2000
    }
  ],
  "meta": {
    "mocha": {
      "version": "7.0.1"
    },
    "mochawesome": {
      "options": {
        "quiet": false,
        "reportFilename": "mochawesome",
        "saveHtml": true,
        "saveJson": true,
        "consoleReporter": "spec",
        "useInlineDiffs": false,
        "code": true
      },
      "version": "7.1.3"
    },
    "marge": {
      "options": {
        "id": "default",
        "reportDir": "cypress/reports/mocha",
        "quite": true,
        "overwrite": false,
        "html": true,
        "json": true
      },
      "version": "6.2.0"
    }
  }
}