{
  "stats": {
    "suites": 1,
    "tests": 5,
    "passes": 5,
    "pending": 0,
    "failures": 0,
    "start": "2022-09-09T03:16:26.565Z",
    "end": "2022-09-09T03:16:29.839Z",
    "duration": 3274,
    "testsRegistered": 5,
    "passPercent": 100,
    "pendingPercent": 0,
    "other": 0,
    "hasOther": false,
    "skipped": 0,
    "hasSkipped": false
  },
  "results": [
    {
      "uuid": "f219f11c-d046-4d62-ae48-f67605468bbc",
      "title": "",
      "fullFile": "cypress/e2e/2-advanced-examples/cookies.cy.js",
      "file": "cypress/e2e/2-advanced-examples/cookies.cy.js",
      "beforeHooks": [],
      "afterHooks": [],
      "tests": [],
      "suites": [
        {
          "uuid": "affdbd84-0dfb-494d-93ea-10d73c52d981",
          "title": "Cookies",
          "fullFile": "",
          "file": "",
          "beforeHooks": [],
          "afterHooks": [],
          "tests": [
            {
              "title": "cy.getCookie() - get a browser cookie",
              "fullTitle": "Cookies cy.getCookie() - get a browser cookie",
              "timedOut": null,
              "duration": 484,
              "state": "passed",
              "speed": "fast",
              "pass": true,
              "fail": false,
              "pending": false,
              "context": null,
              "code": "// https://on.cypress.io/getcookie\ncy.get(\"#getCookie .set-a-cookie\").click(); // cy.getCookie() yields a cookie object\ncy.getCookie(\"token\").should(\"have.property\", \"value\", \"123ABC\");",
              "err": {},
              "uuid": "dfd18c58-fc04-495d-8f49-4b04f13a256e",
              "parentUUID": "affdbd84-0dfb-494d-93ea-10d73c52d981",
              "isHook": false,
              "skipped": false
            },
            {
              "title": "cy.getCookies() - get browser cookies",
              "fullTitle": "Cookies cy.getCookies() - get browser cookies",
              "timedOut": null,
              "duration": 313,
              "state": "passed",
              "speed": "fast",
              "pass": true,
              "fail": false,
              "pending": false,
              "context": null,
              "code": "// https://on.cypress.io/getcookies\ncy.getCookies().should(\"be.empty\");\ncy.get(\"#getCookies .set-a-cookie\").click(); // cy.getCookies() yields an array of cookies\ncy.getCookies().should(\"have.length\", 1).should(cookies => {\n  // each cookie has these properties\n  expect(cookies[0]).to.have.property(\"name\", \"token\");\n  expect(cookies[0]).to.have.property(\"value\", \"123ABC\");\n  expect(cookies[0]).to.have.property(\"httpOnly\", false);\n  expect(cookies[0]).to.have.property(\"secure\", false);\n  expect(cookies[0]).to.have.property(\"domain\");\n  expect(cookies[0]).to.have.property(\"path\");\n});",
              "err": {},
              "uuid": "150c14cf-29c5-4ad9-a63d-67d0dd499ce1",
              "parentUUID": "affdbd84-0dfb-494d-93ea-10d73c52d981",
              "isHook": false,
              "skipped": false
            },
            {
              "title": "cy.setCookie() - set a browser cookie",
              "fullTitle": "Cookies cy.setCookie() - set a browser cookie",
              "timedOut": null,
              "duration": 172,
              "state": "passed",
              "speed": "fast",
              "pass": true,
              "fail": false,
              "pending": false,
              "context": null,
              "code": "// https://on.cypress.io/setcookie\ncy.getCookies().should(\"be.empty\");\ncy.setCookie(\"foo\", \"bar\"); // cy.getCookie() yields a cookie object\ncy.getCookie(\"foo\").should(\"have.property\", \"value\", \"bar\");",
              "err": {},
              "uuid": "b99f0db8-b8ec-4289-ac0f-4cf6a83bcede",
              "parentUUID": "affdbd84-0dfb-494d-93ea-10d73c52d981",
              "isHook": false,
              "skipped": false
            },
            {
              "title": "cy.clearCookie() - clear a browser cookie",
              "fullTitle": "Cookies cy.clearCookie() - clear a browser cookie",
              "timedOut": null,
              "duration": 296,
              "state": "passed",
              "speed": "fast",
              "pass": true,
              "fail": false,
              "pending": false,
              "context": null,
              "code": "// https://on.cypress.io/clearcookie\ncy.getCookie(\"token\").should(\"be.null\");\ncy.get(\"#clearCookie .set-a-cookie\").click();\ncy.getCookie(\"token\").should(\"have.property\", \"value\", \"123ABC\"); // cy.clearCookies() yields null\ncy.clearCookie(\"token\").should(\"be.null\");\ncy.getCookie(\"token\").should(\"be.null\");",
              "err": {},
              "uuid": "c633a3ca-c194-48e0-a81c-567c6b11ae26",
              "parentUUID": "affdbd84-0dfb-494d-93ea-10d73c52d981",
              "isHook": false,
              "skipped": false
            },
            {
              "title": "cy.clearCookies() - clear browser cookies",
              "fullTitle": "Cookies cy.clearCookies() - clear browser cookies",
              "timedOut": null,
              "duration": 287,
              "state": "passed",
              "speed": "fast",
              "pass": true,
              "fail": false,
              "pending": false,
              "context": null,
              "code": "// https://on.cypress.io/clearcookies\ncy.getCookies().should(\"be.empty\");\ncy.get(\"#clearCookies .set-a-cookie\").click();\ncy.getCookies().should(\"have.length\", 1); // cy.clearCookies() yields null\ncy.clearCookies();\ncy.getCookies().should(\"be.empty\");",
              "err": {},
              "uuid": "257a96d6-44ff-4b95-9cdd-8dc6105d0ba4",
              "parentUUID": "affdbd84-0dfb-494d-93ea-10d73c52d981",
              "isHook": false,
              "skipped": false
            }
          ],
          "suites": [],
          "passes": [
            "dfd18c58-fc04-495d-8f49-4b04f13a256e",
            "150c14cf-29c5-4ad9-a63d-67d0dd499ce1",
            "b99f0db8-b8ec-4289-ac0f-4cf6a83bcede",
            "c633a3ca-c194-48e0-a81c-567c6b11ae26",
            "257a96d6-44ff-4b95-9cdd-8dc6105d0ba4"
          ],
          "failures": [],
          "pending": [],
          "skipped": [],
          "duration": 1552,
          "root": false,
          "rootEmpty": false,
          "_timeout": 2000
        }
      ],
      "passes": [],
      "failures": [],
      "pending": [],
      "skipped": [],
      "duration": 0,
      "root": true,
      "rootEmpty": true,
      "_timeout": 2000
    }
  ],
  "meta": {
    "mocha": {
      "version": "7.0.1"
    },
    "mochawesome": {
      "options": {
        "quiet": false,
        "reportFilename": "mochawesome",
        "saveHtml": true,
        "saveJson": true,
        "consoleReporter": "spec",
        "useInlineDiffs": false,
        "code": true
      },
      "version": "7.1.3"
    },
    "marge": {
      "options": {
        "id": "default",
        "reportDir": "cypress/reports/mocha",
        "quite": true,
        "overwrite": false,
        "html": true,
        "json": true
      },
      "version": "6.2.0"
    }
  }
}