{
  "stats": {
    "suites": 2,
    "tests": 8,
    "passes": 8,
    "pending": 0,
    "failures": 0,
    "start": "2022-09-09T03:16:21.563Z",
    "end": "2022-09-09T03:16:24.890Z",
    "duration": 3327,
    "testsRegistered": 8,
    "passPercent": 100,
    "pendingPercent": 0,
    "other": 0,
    "hasOther": false,
    "skipped": 0,
    "hasSkipped": false
  },
  "results": [
    {
      "uuid": "452dae2c-1a71-4b80-9531-512054bc7d2a",
      "title": "",
      "fullFile": "cypress/e2e/2-advanced-examples/connectors.cy.js",
      "file": "cypress/e2e/2-advanced-examples/connectors.cy.js",
      "beforeHooks": [],
      "afterHooks": [],
      "tests": [],
      "suites": [
        {
          "uuid": "409e5f2a-60e2-4eec-b0cd-bf864f3c23e7",
          "title": "Connectors",
          "fullFile": "",
          "file": "",
          "beforeHooks": [],
          "afterHooks": [],
          "tests": [
            {
              "title": ".each() - iterate over an array of elements",
              "fullTitle": "Connectors .each() - iterate over an array of elements",
              "timedOut": null,
              "duration": 382,
              "state": "passed",
              "speed": "fast",
              "pass": true,
              "fail": false,
              "pending": false,
              "context": null,
              "code": "// https://on.cypress.io/each\ncy.get(\".connectors-each-ul>li\").each(($el, index, $list) => {\n  console.log($el, index, $list);\n});",
              "err": {},
              "uuid": "68218e46-e0b2-4181-9503-f8cad08ccdba",
              "parentUUID": "409e5f2a-60e2-4eec-b0cd-bf864f3c23e7",
              "isHook": false,
              "skipped": false
            },
            {
              "title": ".its() - get properties on the current subject",
              "fullTitle": "Connectors .its() - get properties on the current subject",
              "timedOut": null,
              "duration": 175,
              "state": "passed",
              "speed": "fast",
              "pass": true,
              "fail": false,
              "pending": false,
              "context": null,
              "code": "// https://on.cypress.io/its\ncy.get(\".connectors-its-ul>li\") // calls the 'length' property yielding that value\n.its(\"length\").should(\"be.gt\", 2);",
              "err": {},
              "uuid": "8936aa20-6951-41cd-b52b-7505a4bed8a8",
              "parentUUID": "409e5f2a-60e2-4eec-b0cd-bf864f3c23e7",
              "isHook": false,
              "skipped": false
            },
            {
              "title": ".invoke() - invoke a function on the current subject",
              "fullTitle": "Connectors .invoke() - invoke a function on the current subject",
              "timedOut": null,
              "duration": 175,
              "state": "passed",
              "speed": "fast",
              "pass": true,
              "fail": false,
              "pending": false,
              "context": null,
              "code": "// our div is hidden in our script.js\n// $('.connectors-div').hide()\n// https://on.cypress.io/invoke\ncy.get(\".connectors-div\").should(\"be.hidden\") // call the jquery method 'show' on the 'div.container'\n.invoke(\"show\").should(\"be.visible\");",
              "err": {},
              "uuid": "5f148da4-78c6-494c-a4b8-6e257fdc3e23",
              "parentUUID": "409e5f2a-60e2-4eec-b0cd-bf864f3c23e7",
              "isHook": false,
              "skipped": false
            },
            {
              "title": ".spread() - spread an array as individual args to callback function",
              "fullTitle": "Connectors .spread() - spread an array as individual args to callback function",
              "timedOut": null,
              "duration": 154,
              "state": "passed",
              "speed": "fast",
              "pass": true,
              "fail": false,
              "pending": false,
              "context": null,
              "code": "// https://on.cypress.io/spread\nconst arr = [\"foo\", \"bar\", \"baz\"];\ncy.wrap(arr).spread((foo, bar, baz) => {\n  expect(foo).to.eq(\"foo\");\n  expect(bar).to.eq(\"bar\");\n  expect(baz).to.eq(\"baz\");\n});",
              "err": {},
              "uuid": "75f63a42-86c9-46fa-b522-4281b3262379",
              "parentUUID": "409e5f2a-60e2-4eec-b0cd-bf864f3c23e7",
              "isHook": false,
              "skipped": false
            }
          ],
          "suites": [
            {
              "uuid": "77ea7288-6b74-44c5-b53a-d7d42955e01b",
              "title": ".then()",
              "fullFile": "",
              "file": "",
              "beforeHooks": [],
              "afterHooks": [],
              "tests": [
                {
                  "title": "invokes a callback function with the current subject",
                  "fullTitle": "Connectors .then() invokes a callback function with the current subject",
                  "timedOut": null,
                  "duration": 191,
                  "state": "passed",
                  "speed": "fast",
                  "pass": true,
                  "fail": false,
                  "pending": false,
                  "context": null,
                  "code": "// https://on.cypress.io/then\ncy.get(\".connectors-list > li\").then($lis => {\n  expect($lis, \"3 items\").to.have.length(3);\n  expect($lis.eq(0), \"first item\").to.contain(\"Walk the dog\");\n  expect($lis.eq(1), \"second item\").to.contain(\"Feed the cat\");\n  expect($lis.eq(2), \"third item\").to.contain(\"Write JavaScript\");\n});",
                  "err": {},
                  "uuid": "b1141716-9fef-4066-8033-c43121b1c497",
                  "parentUUID": "77ea7288-6b74-44c5-b53a-d7d42955e01b",
                  "isHook": false,
                  "skipped": false
                },
                {
                  "title": "yields the returned value to the next command",
                  "fullTitle": "Connectors .then() yields the returned value to the next command",
                  "timedOut": null,
                  "duration": 175,
                  "state": "passed",
                  "speed": "fast",
                  "pass": true,
                  "fail": false,
                  "pending": false,
                  "context": null,
                  "code": "cy.wrap(1).then(num => {\n  expect(num).to.equal(1);\n  return 2;\n}).then(num => {\n  expect(num).to.equal(2);\n});",
                  "err": {},
                  "uuid": "bd44f144-077f-4933-a233-bff2aa4e6bb5",
                  "parentUUID": "77ea7288-6b74-44c5-b53a-d7d42955e01b",
                  "isHook": false,
                  "skipped": false
                },
                {
                  "title": "yields the original subject without return",
                  "fullTitle": "Connectors .then() yields the original subject without return",
                  "timedOut": null,
                  "duration": 170,
                  "state": "passed",
                  "speed": "fast",
                  "pass": true,
                  "fail": false,
                  "pending": false,
                  "context": null,
                  "code": "cy.wrap(1).then(num => {\n  expect(num).to.equal(1); // note that nothing is returned from this callback\n}).then(num => {\n  // this callback receives the original unchanged value 1\n  expect(num).to.equal(1);\n});",
                  "err": {},
                  "uuid": "f6e9c20d-42c9-4fa2-9359-50d7a0426596",
                  "parentUUID": "77ea7288-6b74-44c5-b53a-d7d42955e01b",
                  "isHook": false,
                  "skipped": false
                },
                {
                  "title": "yields the value yielded by the last Cypress command inside",
                  "fullTitle": "Connectors .then() yields the value yielded by the last Cypress command inside",
                  "timedOut": null,
                  "duration": 272,
                  "state": "passed",
                  "speed": "fast",
                  "pass": true,
                  "fail": false,
                  "pending": false,
                  "context": null,
                  "code": "cy.wrap(1).then(num => {\n  expect(num).to.equal(1); // note how we run a Cypress command\n  // the result yielded by this Cypress command\n  // will be passed to the second \".then\"\n  cy.wrap(2);\n}).then(num => {\n  // this callback receives the value yielded by \"cy.wrap(2)\"\n  expect(num).to.equal(2);\n});",
                  "err": {},
                  "uuid": "03c8b229-dfbf-4fa1-9b27-2d8b392e6c90",
                  "parentUUID": "77ea7288-6b74-44c5-b53a-d7d42955e01b",
                  "isHook": false,
                  "skipped": false
                }
              ],
              "suites": [],
              "passes": [
                "b1141716-9fef-4066-8033-c43121b1c497",
                "bd44f144-077f-4933-a233-bff2aa4e6bb5",
                "f6e9c20d-42c9-4fa2-9359-50d7a0426596",
                "03c8b229-dfbf-4fa1-9b27-2d8b392e6c90"
              ],
              "failures": [],
              "pending": [],
              "skipped": [],
              "duration": 808,
              "root": false,
              "rootEmpty": false,
              "_timeout": 2000
            }
          ],
          "passes": [
            "68218e46-e0b2-4181-9503-f8cad08ccdba",
            "8936aa20-6951-41cd-b52b-7505a4bed8a8",
            "5f148da4-78c6-494c-a4b8-6e257fdc3e23",
            "75f63a42-86c9-46fa-b522-4281b3262379"
          ],
          "failures": [],
          "pending": [],
          "skipped": [],
          "duration": 886,
          "root": false,
          "rootEmpty": false,
          "_timeout": 2000
        }
      ],
      "passes": [],
      "failures": [],
      "pending": [],
      "skipped": [],
      "duration": 0,
      "root": true,
      "rootEmpty": true,
      "_timeout": 2000
    }
  ],
  "meta": {
    "mocha": {
      "version": "7.0.1"
    },
    "mochawesome": {
      "options": {
        "quiet": false,
        "reportFilename": "mochawesome",
        "saveHtml": true,
        "saveJson": true,
        "consoleReporter": "spec",
        "useInlineDiffs": false,
        "code": true
      },
      "version": "7.1.3"
    },
    "marge": {
      "options": {
        "id": "default",
        "reportDir": "cypress/reports/mocha",
        "quite": true,
        "overwrite": false,
        "html": true,
        "json": true
      },
      "version": "6.2.0"
    }
  }
}