{
  "stats": {
    "suites": 1,
    "tests": 18,
    "passes": 18,
    "pending": 0,
    "failures": 0,
    "start": "2022-09-09T03:17:23.992Z",
    "end": "2022-09-09T03:17:28.877Z",
    "duration": 4885,
    "testsRegistered": 18,
    "passPercent": 100,
    "pendingPercent": 0,
    "other": 0,
    "hasOther": false,
    "skipped": 0,
    "hasSkipped": false
  },
  "results": [
    {
      "uuid": "3f39c78b-a49b-471d-94e8-28cf602857a8",
      "title": "",
      "fullFile": "cypress/e2e/2-advanced-examples/traversal.cy.js",
      "file": "cypress/e2e/2-advanced-examples/traversal.cy.js",
      "beforeHooks": [],
      "afterHooks": [],
      "tests": [],
      "suites": [
        {
          "uuid": "b2ed7c93-7625-4252-9834-0228191e1f7b",
          "title": "Traversal",
          "fullFile": "",
          "file": "",
          "beforeHooks": [],
          "afterHooks": [],
          "tests": [
            {
              "title": ".children() - get child DOM elements",
              "fullTitle": "Traversal .children() - get child DOM elements",
              "timedOut": null,
              "duration": 439,
              "state": "passed",
              "speed": "fast",
              "pass": true,
              "fail": false,
              "pending": false,
              "context": null,
              "code": "// https://on.cypress.io/children\ncy.get(\".traversal-breadcrumb\").children(\".active\").should(\"contain\", \"Data\");",
              "err": {},
              "uuid": "1a1d11ef-6a92-4983-926e-f14cccb13bf1",
              "parentUUID": "b2ed7c93-7625-4252-9834-0228191e1f7b",
              "isHook": false,
              "skipped": false
            },
            {
              "title": ".closest() - get closest ancestor DOM element",
              "fullTitle": "Traversal .closest() - get closest ancestor DOM element",
              "timedOut": null,
              "duration": 204,
              "state": "passed",
              "speed": "fast",
              "pass": true,
              "fail": false,
              "pending": false,
              "context": null,
              "code": "// https://on.cypress.io/closest\ncy.get(\".traversal-badge\").closest(\"ul\").should(\"have.class\", \"list-group\");",
              "err": {},
              "uuid": "588053ca-fe48-4bc6-9acc-a89da66ee70a",
              "parentUUID": "b2ed7c93-7625-4252-9834-0228191e1f7b",
              "isHook": false,
              "skipped": false
            },
            {
              "title": ".eq() - get a DOM element at a specific index",
              "fullTitle": "Traversal .eq() - get a DOM element at a specific index",
              "timedOut": null,
              "duration": 155,
              "state": "passed",
              "speed": "fast",
              "pass": true,
              "fail": false,
              "pending": false,
              "context": null,
              "code": "// https://on.cypress.io/eq\ncy.get(\".traversal-list>li\").eq(1).should(\"contain\", \"siamese\");",
              "err": {},
              "uuid": "6f8fd052-3c4b-4c6a-944a-41829b3287b1",
              "parentUUID": "b2ed7c93-7625-4252-9834-0228191e1f7b",
              "isHook": false,
              "skipped": false
            },
            {
              "title": ".filter() - get DOM elements that match the selector",
              "fullTitle": "Traversal .filter() - get DOM elements that match the selector",
              "timedOut": null,
              "duration": 155,
              "state": "passed",
              "speed": "fast",
              "pass": true,
              "fail": false,
              "pending": false,
              "context": null,
              "code": "// https://on.cypress.io/filter\ncy.get(\".traversal-nav>li\").filter(\".active\").should(\"contain\", \"About\");",
              "err": {},
              "uuid": "d2f23759-914f-4179-81c8-9bbd43ab66d9",
              "parentUUID": "b2ed7c93-7625-4252-9834-0228191e1f7b",
              "isHook": false,
              "skipped": false
            },
            {
              "title": ".find() - get descendant DOM elements of the selector",
              "fullTitle": "Traversal .find() - get descendant DOM elements of the selector",
              "timedOut": null,
              "duration": 219,
              "state": "passed",
              "speed": "fast",
              "pass": true,
              "fail": false,
              "pending": false,
              "context": null,
              "code": "// https://on.cypress.io/find\ncy.get(\".traversal-pagination\").find(\"li\").find(\"a\").should(\"have.length\", 7);",
              "err": {},
              "uuid": "30fcc85c-29ad-43ac-b660-53b4e9112050",
              "parentUUID": "b2ed7c93-7625-4252-9834-0228191e1f7b",
              "isHook": false,
              "skipped": false
            },
            {
              "title": ".first() - get first DOM element",
              "fullTitle": "Traversal .first() - get first DOM element",
              "timedOut": null,
              "duration": 195,
              "state": "passed",
              "speed": "fast",
              "pass": true,
              "fail": false,
              "pending": false,
              "context": null,
              "code": "// https://on.cypress.io/first\ncy.get(\".traversal-table td\").first().should(\"contain\", \"1\");",
              "err": {},
              "uuid": "3b57e8fd-584f-422f-b209-9244edd23464",
              "parentUUID": "b2ed7c93-7625-4252-9834-0228191e1f7b",
              "isHook": false,
              "skipped": false
            },
            {
              "title": ".last() - get last DOM element",
              "fullTitle": "Traversal .last() - get last DOM element",
              "timedOut": null,
              "duration": 196,
              "state": "passed",
              "speed": "fast",
              "pass": true,
              "fail": false,
              "pending": false,
              "context": null,
              "code": "// https://on.cypress.io/last\ncy.get(\".traversal-buttons .btn\").last().should(\"contain\", \"Submit\");",
              "err": {},
              "uuid": "df05484d-9414-4a2b-978e-1797650bc29f",
              "parentUUID": "b2ed7c93-7625-4252-9834-0228191e1f7b",
              "isHook": false,
              "skipped": false
            },
            {
              "title": ".next() - get next sibling DOM element",
              "fullTitle": "Traversal .next() - get next sibling DOM element",
              "timedOut": null,
              "duration": 163,
              "state": "passed",
              "speed": "fast",
              "pass": true,
              "fail": false,
              "pending": false,
              "context": null,
              "code": "// https://on.cypress.io/next\ncy.get(\".traversal-ul\").contains(\"apples\").next().should(\"contain\", \"oranges\");",
              "err": {},
              "uuid": "4b682c6a-512f-4c75-852e-119c73817a5e",
              "parentUUID": "b2ed7c93-7625-4252-9834-0228191e1f7b",
              "isHook": false,
              "skipped": false
            },
            {
              "title": ".nextAll() - get all next sibling DOM elements",
              "fullTitle": "Traversal .nextAll() - get all next sibling DOM elements",
              "timedOut": null,
              "duration": 173,
              "state": "passed",
              "speed": "fast",
              "pass": true,
              "fail": false,
              "pending": false,
              "context": null,
              "code": "// https://on.cypress.io/nextall\ncy.get(\".traversal-next-all\").contains(\"oranges\").nextAll().should(\"have.length\", 3);",
              "err": {},
              "uuid": "2de8b01c-5743-45b5-8c66-78c84f7c6427",
              "parentUUID": "b2ed7c93-7625-4252-9834-0228191e1f7b",
              "isHook": false,
              "skipped": false
            },
            {
              "title": ".nextUntil() - get next sibling DOM elements until next el",
              "fullTitle": "Traversal .nextUntil() - get next sibling DOM elements until next el",
              "timedOut": null,
              "duration": 189,
              "state": "passed",
              "speed": "fast",
              "pass": true,
              "fail": false,
              "pending": false,
              "context": null,
              "code": "// https://on.cypress.io/nextuntil\ncy.get(\"#veggies\").nextUntil(\"#nuts\").should(\"have.length\", 3);",
              "err": {},
              "uuid": "343738eb-98bc-434b-855d-44069d933dd2",
              "parentUUID": "b2ed7c93-7625-4252-9834-0228191e1f7b",
              "isHook": false,
              "skipped": false
            },
            {
              "title": ".not() - remove DOM elements from set of DOM elements",
              "fullTitle": "Traversal .not() - remove DOM elements from set of DOM elements",
              "timedOut": null,
              "duration": 157,
              "state": "passed",
              "speed": "fast",
              "pass": true,
              "fail": false,
              "pending": false,
              "context": null,
              "code": "// https://on.cypress.io/not\ncy.get(\".traversal-disabled .btn\").not(\"[disabled]\").should(\"not.contain\", \"Disabled\");",
              "err": {},
              "uuid": "625d93e6-d54b-4764-9cce-88fab97e7d6a",
              "parentUUID": "b2ed7c93-7625-4252-9834-0228191e1f7b",
              "isHook": false,
              "skipped": false
            },
            {
              "title": ".parent() - get parent DOM element from DOM elements",
              "fullTitle": "Traversal .parent() - get parent DOM element from DOM elements",
              "timedOut": null,
              "duration": 170,
              "state": "passed",
              "speed": "fast",
              "pass": true,
              "fail": false,
              "pending": false,
              "context": null,
              "code": "// https://on.cypress.io/parent\ncy.get(\".traversal-mark\").parent().should(\"contain\", \"Morbi leo risus\");",
              "err": {},
              "uuid": "e7f33d9f-fdcd-4cb6-ba8d-13dcd1c711f8",
              "parentUUID": "b2ed7c93-7625-4252-9834-0228191e1f7b",
              "isHook": false,
              "skipped": false
            },
            {
              "title": ".parents() - get parent DOM elements from DOM elements",
              "fullTitle": "Traversal .parents() - get parent DOM elements from DOM elements",
              "timedOut": null,
              "duration": 235,
              "state": "passed",
              "speed": "fast",
              "pass": true,
              "fail": false,
              "pending": false,
              "context": null,
              "code": "// https://on.cypress.io/parents\ncy.get(\".traversal-cite\").parents().should(\"match\", \"blockquote\");",
              "err": {},
              "uuid": "d8a72e62-9df8-4d32-aad8-4e6211af8856",
              "parentUUID": "b2ed7c93-7625-4252-9834-0228191e1f7b",
              "isHook": false,
              "skipped": false
            },
            {
              "title": ".parentsUntil() - get parent DOM elements from DOM elements until el",
              "fullTitle": "Traversal .parentsUntil() - get parent DOM elements from DOM elements until el",
              "timedOut": null,
              "duration": 172,
              "state": "passed",
              "speed": "fast",
              "pass": true,
              "fail": false,
              "pending": false,
              "context": null,
              "code": "// https://on.cypress.io/parentsuntil\ncy.get(\".clothes-nav\").find(\".active\").parentsUntil(\".clothes-nav\").should(\"have.length\", 2);",
              "err": {},
              "uuid": "ed6bedba-2f62-4905-838e-928e3e4a8bda",
              "parentUUID": "b2ed7c93-7625-4252-9834-0228191e1f7b",
              "isHook": false,
              "skipped": false
            },
            {
              "title": ".prev() - get previous sibling DOM element",
              "fullTitle": "Traversal .prev() - get previous sibling DOM element",
              "timedOut": null,
              "duration": 160,
              "state": "passed",
              "speed": "fast",
              "pass": true,
              "fail": false,
              "pending": false,
              "context": null,
              "code": "// https://on.cypress.io/prev\ncy.get(\".birds\").find(\".active\").prev().should(\"contain\", \"Lorikeets\");",
              "err": {},
              "uuid": "4fa5266c-5b74-4019-bca8-8f68bd7dfa46",
              "parentUUID": "b2ed7c93-7625-4252-9834-0228191e1f7b",
              "isHook": false,
              "skipped": false
            },
            {
              "title": ".prevAll() - get all previous sibling DOM elements",
              "fullTitle": "Traversal .prevAll() - get all previous sibling DOM elements",
              "timedOut": null,
              "duration": 174,
              "state": "passed",
              "speed": "fast",
              "pass": true,
              "fail": false,
              "pending": false,
              "context": null,
              "code": "// https://on.cypress.io/prevall\ncy.get(\".fruits-list\").find(\".third\").prevAll().should(\"have.length\", 2);",
              "err": {},
              "uuid": "a8ea1059-d64c-4c74-92a6-4ffa59a4f1d3",
              "parentUUID": "b2ed7c93-7625-4252-9834-0228191e1f7b",
              "isHook": false,
              "skipped": false
            },
            {
              "title": ".prevUntil() - get all previous sibling DOM elements until el",
              "fullTitle": "Traversal .prevUntil() - get all previous sibling DOM elements until el",
              "timedOut": null,
              "duration": 159,
              "state": "passed",
              "speed": "fast",
              "pass": true,
              "fail": false,
              "pending": false,
              "context": null,
              "code": "// https://on.cypress.io/prevuntil\ncy.get(\".foods-list\").find(\"#nuts\").prevUntil(\"#veggies\").should(\"have.length\", 3);",
              "err": {},
              "uuid": "d07e49e3-8f76-4988-816c-aed4e311e5bd",
              "parentUUID": "b2ed7c93-7625-4252-9834-0228191e1f7b",
              "isHook": false,
              "skipped": false
            },
            {
              "title": ".siblings() - get all sibling DOM elements",
              "fullTitle": "Traversal .siblings() - get all sibling DOM elements",
              "timedOut": null,
              "duration": 168,
              "state": "passed",
              "speed": "fast",
              "pass": true,
              "fail": false,
              "pending": false,
              "context": null,
              "code": "// https://on.cypress.io/siblings\ncy.get(\".traversal-pills .active\").siblings().should(\"have.length\", 2);",
              "err": {},
              "uuid": "fcd561a7-d7f7-42df-b38b-62f0b39d4d4a",
              "parentUUID": "b2ed7c93-7625-4252-9834-0228191e1f7b",
              "isHook": false,
              "skipped": false
            }
          ],
          "suites": [],
          "passes": [
            "1a1d11ef-6a92-4983-926e-f14cccb13bf1",
            "588053ca-fe48-4bc6-9acc-a89da66ee70a",
            "6f8fd052-3c4b-4c6a-944a-41829b3287b1",
            "d2f23759-914f-4179-81c8-9bbd43ab66d9",
            "30fcc85c-29ad-43ac-b660-53b4e9112050",
            "3b57e8fd-584f-422f-b209-9244edd23464",
            "df05484d-9414-4a2b-978e-1797650bc29f",
            "4b682c6a-512f-4c75-852e-119c73817a5e",
            "2de8b01c-5743-45b5-8c66-78c84f7c6427",
            "343738eb-98bc-434b-855d-44069d933dd2",
            "625d93e6-d54b-4764-9cce-88fab97e7d6a",
            "e7f33d9f-fdcd-4cb6-ba8d-13dcd1c711f8",
            "d8a72e62-9df8-4d32-aad8-4e6211af8856",
            "ed6bedba-2f62-4905-838e-928e3e4a8bda",
            "4fa5266c-5b74-4019-bca8-8f68bd7dfa46",
            "a8ea1059-d64c-4c74-92a6-4ffa59a4f1d3",
            "d07e49e3-8f76-4988-816c-aed4e311e5bd",
            "fcd561a7-d7f7-42df-b38b-62f0b39d4d4a"
          ],
          "failures": [],
          "pending": [],
          "skipped": [],
          "duration": 3483,
          "root": false,
          "rootEmpty": false,
          "_timeout": 2000
        }
      ],
      "passes": [],
      "failures": [],
      "pending": [],
      "skipped": [],
      "duration": 0,
      "root": true,
      "rootEmpty": true,
      "_timeout": 2000
    }
  ],
  "meta": {
    "mocha": {
      "version": "7.0.1"
    },
    "mochawesome": {
      "options": {
        "quiet": false,
        "reportFilename": "mochawesome",
        "saveHtml": true,
        "saveJson": true,
        "consoleReporter": "spec",
        "useInlineDiffs": false,
        "code": true
      },
      "version": "7.1.3"
    },
    "marge": {
      "options": {
        "id": "default",
        "reportDir": "cypress/reports/mocha",
        "quite": true,
        "overwrite": false,
        "html": true,
        "json": true
      },
      "version": "6.2.0"
    }
  }
}