{
  "stats": {
    "suites": 20,
    "tests": 119,
    "passes": 118,
    "pending": 0,
    "failures": 1,
    "start": "2022-09-09T03:15:45.151Z",
    "end": "2022-09-09T03:17:53.386Z",
    "duration": 73258,
    "testsRegistered": 119,
    "passPercent": 99.15966386554622,
    "pendingPercent": 0,
    "other": 0,
    "hasOther": false,
    "skipped": 0,
    "hasSkipped": false
  },
  "results": [
    {
      "uuid": "3ff7fe86-a7dd-4198-ac41-e105b62b94e8",
      "title": "",
      "fullFile": "cypress/e2e/1-getting-started/todo.cy.js",
      "file": "cypress/e2e/1-getting-started/todo.cy.js",
      "beforeHooks": [],
      "afterHooks": [],
      "tests": [],
      "suites": [
        {
          "uuid": "955fdaa4-6f50-47ae-bc13-33b2ab02adf9",
          "title": "example to-do app",
          "fullFile": "",
          "file": "",
          "beforeHooks": [],
          "afterHooks": [],
          "tests": [
            {
              "title": "displays two todo items by default",
              "fullTitle": "example to-do app displays two todo items by default",
              "timedOut": null,
              "duration": 1465,
              "state": "passed",
              "speed": "fast",
              "pass": true,
              "fail": false,
              "pending": false,
              "context": null,
              "code": "// We use the `cy.get()` command to get all elements that match the selector.\n// Then, we use `should` to assert that there are two matched items,\n// which are the two default items.\ncy.get(\".todo-list li\").should(\"have.length\", 2); // We can go even further and check that the default todos each contain\n// the correct text. We use the `first` and `last` functions\n// to get just the first and last matched elements individually,\n// and then perform an assertion with `should`.\ncy.get(\".todo-list li\").first().should(\"have.text\", \"Pay electric bill\");\ncy.get(\".todo-list li\").last().should(\"have.text\", \"Walk the dog\");",
              "err": {},
              "uuid": "d2f61340-7513-4692-81a1-d1a2a7bc075f",
              "parentUUID": "955fdaa4-6f50-47ae-bc13-33b2ab02adf9",
              "isHook": false,
              "skipped": false
            },
            {
              "title": "can add new todo items",
              "fullTitle": "example to-do app can add new todo items",
              "timedOut": null,
              "duration": 546,
              "state": "passed",
              "speed": "fast",
              "pass": true,
              "fail": false,
              "pending": false,
              "context": null,
              "code": "// We'll store our item text in a variable so we can reuse it\nconst newItem = \"Feed the cat\"; // Let's get the input element and use the `type` command to\n// input our new list item. After typing the content of our item,\n// we need to type the enter key as well in order to submit the input.\n// This input has a data-test attribute so we'll use that to select the\n// element in accordance with best practices:\n// https://on.cypress.io/selecting-elements\ncy.get(\"[data-test=new-todo]\").type(`${newItem}{enter}`); // Now that we've typed our new item, let's check that it actually was added to the list.\n// Since it's the newest item, it should exist as the last element in the list.\n// In addition, with the two default items, we should have a total of 3 elements in the list.\n// Since assertions yield the element that was asserted on,\n// we can chain both of these assertions together into a single statement.\ncy.get(\".todo-list li\").should(\"have.length\", 3).last().should(\"have.text\", newItem);",
              "err": {},
              "uuid": "5365a020-0a73-4ed6-a74a-9608064c4676",
              "parentUUID": "955fdaa4-6f50-47ae-bc13-33b2ab02adf9",
              "isHook": false,
              "skipped": false
            },
            {
              "title": "can check off an item as completed",
              "fullTitle": "example to-do app can check off an item as completed",
              "timedOut": null,
              "duration": 314,
              "state": "passed",
              "speed": "fast",
              "pass": true,
              "fail": false,
              "pending": false,
              "context": null,
              "code": "// In addition to using the `get` command to get an element by selector,\n// we can also use the `contains` command to get an element by its contents.\n// However, this will yield the <label>, which is lowest-level element that contains the text.\n// In order to check the item, we'll find the <input> element for this <label>\n// by traversing up the dom to the parent element. From there, we can `find`\n// the child checkbox <input> element and use the `check` command to check it.\ncy.contains(\"Pay electric bill\").parent().find(\"input[type=checkbox]\").check(); // Now that we've checked the button, we can go ahead and make sure\n// that the list element is now marked as completed.\n// Again we'll use `contains` to find the <label> element and then use the `parents` command\n// to traverse multiple levels up the dom until we find the corresponding <li> element.\n// Once we get that element, we can assert that it has the completed class.\ncy.contains(\"Pay electric bill\").parents(\"li\").should(\"have.class\", \"completed\");",
              "err": {},
              "uuid": "26908115-7e78-4dab-a872-0459d3b74350",
              "parentUUID": "955fdaa4-6f50-47ae-bc13-33b2ab02adf9",
              "isHook": false,
              "skipped": false
            }
          ],
          "suites": [
            {
              "uuid": "c2b2f240-0c8d-4283-9697-cd9133e1ecce",
              "title": "with a checked task",
              "fullFile": "",
              "file": "",
              "beforeHooks": [],
              "afterHooks": [],
              "tests": [
                {
                  "title": "can filter for uncompleted tasks",
                  "fullTitle": "example to-do app with a checked task can filter for uncompleted tasks",
                  "timedOut": null,
                  "duration": 368,
                  "state": "passed",
                  "speed": "fast",
                  "pass": true,
                  "fail": false,
                  "pending": false,
                  "context": null,
                  "code": "// We'll click on the \"active\" button in order to\n// display only incomplete items\ncy.contains(\"Active\").click(); // After filtering, we can assert that there is only the one\n// incomplete item in the list.\ncy.get(\".todo-list li\").should(\"have.length\", 1).first().should(\"have.text\", \"Walk the dog\"); // For good measure, let's also assert that the task we checked off\n// does not exist on the page.\ncy.contains(\"Pay electric bill\").should(\"not.exist\");",
                  "err": {},
                  "uuid": "d96ddb0a-b36d-4fc4-b3ef-87ed75a903cd",
                  "parentUUID": "c2b2f240-0c8d-4283-9697-cd9133e1ecce",
                  "isHook": false,
                  "skipped": false
                },
                {
                  "title": "can filter for completed tasks",
                  "fullTitle": "example to-do app with a checked task can filter for completed tasks",
                  "timedOut": null,
                  "duration": 409,
                  "state": "passed",
                  "speed": "fast",
                  "pass": true,
                  "fail": false,
                  "pending": false,
                  "context": null,
                  "code": "// We can perform similar steps as the test above to ensure\n// that only completed tasks are shown\ncy.contains(\"Completed\").click();\ncy.get(\".todo-list li\").should(\"have.length\", 1).first().should(\"have.text\", \"Pay electric bill\");\ncy.contains(\"Walk the dog\").should(\"not.exist\");",
                  "err": {},
                  "uuid": "d9216d40-697f-4e98-bf30-79d722ab6760",
                  "parentUUID": "c2b2f240-0c8d-4283-9697-cd9133e1ecce",
                  "isHook": false,
                  "skipped": false
                },
                {
                  "title": "can delete all completed tasks",
                  "fullTitle": "example to-do app with a checked task can delete all completed tasks",
                  "timedOut": null,
                  "duration": 403,
                  "state": "passed",
                  "speed": "fast",
                  "pass": true,
                  "fail": false,
                  "pending": false,
                  "context": null,
                  "code": "// First, let's click the \"Clear completed\" button\n// `contains` is actually serving two purposes here.\n// First, it's ensuring that the button exists within the dom.\n// This button only appears when at least one task is checked\n// so this command is implicitly verifying that it does exist.\n// Second, it selects the button so we can click it.\ncy.contains(\"Clear completed\").click(); // Then we can make sure that there is only one element\n// in the list and our element does not exist\ncy.get(\".todo-list li\").should(\"have.length\", 1).should(\"not.have.text\", \"Pay electric bill\"); // Finally, make sure that the clear button no longer exists.\ncy.contains(\"Clear completed\").should(\"not.exist\");",
                  "err": {},
                  "uuid": "5af86727-fe69-4098-bddd-fc679194eef1",
                  "parentUUID": "c2b2f240-0c8d-4283-9697-cd9133e1ecce",
                  "isHook": false,
                  "skipped": false
                }
              ],
              "suites": [],
              "passes": [
                "d96ddb0a-b36d-4fc4-b3ef-87ed75a903cd",
                "d9216d40-697f-4e98-bf30-79d722ab6760",
                "5af86727-fe69-4098-bddd-fc679194eef1"
              ],
              "failures": [],
              "pending": [],
              "skipped": [],
              "duration": 1180,
              "root": false,
              "rootEmpty": false,
              "_timeout": 2000
            }
          ],
          "passes": [
            "d2f61340-7513-4692-81a1-d1a2a7bc075f",
            "5365a020-0a73-4ed6-a74a-9608064c4676",
            "26908115-7e78-4dab-a872-0459d3b74350"
          ],
          "failures": [],
          "pending": [],
          "skipped": [],
          "duration": 2325,
          "root": false,
          "rootEmpty": false,
          "_timeout": 2000
        }
      ],
      "passes": [],
      "failures": [],
      "pending": [],
      "skipped": [],
      "duration": 0,
      "root": true,
      "rootEmpty": true,
      "_timeout": 2000
    },
    {
      "uuid": "8d254259-bb2e-4e6a-a8f8-cb5413d92120",
      "title": "",
      "fullFile": "cypress/e2e/2-advanced-examples/actions.cy.js",
      "file": "cypress/e2e/2-advanced-examples/actions.cy.js",
      "beforeHooks": [],
      "afterHooks": [],
      "tests": [],
      "suites": [
        {
          "uuid": "a07cdd58-702a-4678-8a9d-bf1fe6530caf",
          "title": "Actions",
          "fullFile": "",
          "file": "",
          "beforeHooks": [],
          "afterHooks": [],
          "tests": [
            {
              "title": ".type() - type into a DOM element",
              "fullTitle": "Actions .type() - type into a DOM element",
              "timedOut": null,
              "duration": 5152,
              "state": "passed",
              "speed": "medium",
              "pass": true,
              "fail": false,
              "pending": false,
              "context": null,
              "code": "// https://on.cypress.io/type\ncy.get(\".action-email\").type(\"fake@email.com\").should(\"have.value\", \"fake@email.com\") // .type() with special character sequences\n.type(\"{leftarrow}{rightarrow}{uparrow}{downarrow}\").type(\"{del}{selectall}{backspace}\") // .type() with key modifiers\n.type(\"{alt}{option}\") //these are equivalent\n.type(\"{ctrl}{control}\") //these are equivalent\n.type(\"{meta}{command}{cmd}\") //these are equivalent\n.type(\"{shift}\") // Delay each keypress by 0.1 sec\n.type(\"slow.typing@email.com\", {\n  delay: 100\n}).should(\"have.value\", \"slow.typing@email.com\");\ncy.get(\".action-disabled\") // Ignore error checking prior to type\n// like whether the input is visible or disabled\n.type(\"disabled error checking\", {\n  force: true\n}).should(\"have.value\", \"disabled error checking\");",
              "err": {},
              "uuid": "dbec6f2d-9be4-467e-9235-e7954273707e",
              "parentUUID": "a07cdd58-702a-4678-8a9d-bf1fe6530caf",
              "isHook": false,
              "skipped": false
            },
            {
              "title": ".focus() - focus on a DOM element",
              "fullTitle": "Actions .focus() - focus on a DOM element",
              "timedOut": null,
              "duration": 313,
              "state": "passed",
              "speed": "fast",
              "pass": true,
              "fail": false,
              "pending": false,
              "context": null,
              "code": "// https://on.cypress.io/focus\ncy.get(\".action-focus\").focus().should(\"have.class\", \"focus\").prev().should(\"have.attr\", \"style\", \"color: orange;\");",
              "err": {},
              "uuid": "451a0f40-1ee5-4c5d-b1c5-2e4cbdc1f045",
              "parentUUID": "a07cdd58-702a-4678-8a9d-bf1fe6530caf",
              "isHook": false,
              "skipped": false
            },
            {
              "title": ".blur() - blur off a DOM element",
              "fullTitle": "Actions .blur() - blur off a DOM element",
              "timedOut": null,
              "duration": 579,
              "state": "passed",
              "speed": "fast",
              "pass": true,
              "fail": false,
              "pending": false,
              "context": null,
              "code": "// https://on.cypress.io/blur\ncy.get(\".action-blur\").type(\"About to blur\").blur().should(\"have.class\", \"error\").prev().should(\"have.attr\", \"style\", \"color: red;\");",
              "err": {},
              "uuid": "af8ff991-9b0c-4730-ab4c-fd86fb7aec7d",
              "parentUUID": "a07cdd58-702a-4678-8a9d-bf1fe6530caf",
              "isHook": false,
              "skipped": false
            },
            {
              "title": ".clear() - clears an input or textarea element",
              "fullTitle": "Actions .clear() - clears an input or textarea element",
              "timedOut": null,
              "duration": 701,
              "state": "passed",
              "speed": "fast",
              "pass": true,
              "fail": false,
              "pending": false,
              "context": null,
              "code": "// https://on.cypress.io/clear\ncy.get(\".action-clear\").type(\"Clear this text\").should(\"have.value\", \"Clear this text\").clear().should(\"have.value\", \"\");",
              "err": {},
              "uuid": "e3be26ee-8ee8-473f-83c6-2e69552e3448",
              "parentUUID": "a07cdd58-702a-4678-8a9d-bf1fe6530caf",
              "isHook": false,
              "skipped": false
            },
            {
              "title": ".submit() - submit a form",
              "fullTitle": "Actions .submit() - submit a form",
              "timedOut": null,
              "duration": 540,
              "state": "passed",
              "speed": "fast",
              "pass": true,
              "fail": false,
              "pending": false,
              "context": null,
              "code": "// https://on.cypress.io/submit\ncy.get(\".action-form\").find('[type=\"text\"]').type(\"HALFOFF\");\ncy.get(\".action-form\").submit().next().should(\"contain\", \"Your form has been submitted!\");",
              "err": {},
              "uuid": "fbcb4ffd-a8b4-4968-a79e-d9f46ff1c2f0",
              "parentUUID": "a07cdd58-702a-4678-8a9d-bf1fe6530caf",
              "isHook": false,
              "skipped": false
            },
            {
              "title": ".click() - click on a DOM element",
              "fullTitle": "Actions .click() - click on a DOM element",
              "timedOut": null,
              "duration": 3413,
              "state": "passed",
              "speed": "fast",
              "pass": true,
              "fail": false,
              "pending": false,
              "context": null,
              "code": "// https://on.cypress.io/click\ncy.get(\".action-btn\").click(); // You can click on 9 specific positions of an element:\n//  -----------------------------------\n// | topLeft        top       topRight |\n// |                                   |\n// |                                   |\n// |                                   |\n// | left          center        right |\n// |                                   |\n// |                                   |\n// |                                   |\n// | bottomLeft   bottom   bottomRight |\n//  -----------------------------------\n// clicking in the center of the element is the default\ncy.get(\"#action-canvas\").click();\ncy.get(\"#action-canvas\").click(\"topLeft\");\ncy.get(\"#action-canvas\").click(\"top\");\ncy.get(\"#action-canvas\").click(\"topRight\");\ncy.get(\"#action-canvas\").click(\"left\");\ncy.get(\"#action-canvas\").click(\"right\");\ncy.get(\"#action-canvas\").click(\"bottomLeft\");\ncy.get(\"#action-canvas\").click(\"bottom\");\ncy.get(\"#action-canvas\").click(\"bottomRight\"); // .click() accepts an x and y coordinate\n// that controls where the click occurs :)\ncy.get(\"#action-canvas\").click(80, 75) // click 80px on x coord and 75px on y coord\n.click(170, 75).click(80, 165).click(100, 185).click(125, 190).click(150, 185).click(170, 165); // click multiple elements by passing multiple: true\ncy.get(\".action-labels>.label\").click({\n  multiple: true\n}); // Ignore error checking prior to clicking\ncy.get(\".action-opacity>.btn\").click({\n  force: true\n});",
              "err": {},
              "uuid": "13be1a26-c236-4b3e-acb1-33777fa1b047",
              "parentUUID": "a07cdd58-702a-4678-8a9d-bf1fe6530caf",
              "isHook": false,
              "skipped": false
            },
            {
              "title": ".dblclick() - double click on a DOM element",
              "fullTitle": "Actions .dblclick() - double click on a DOM element",
              "timedOut": null,
              "duration": 366,
              "state": "passed",
              "speed": "fast",
              "pass": true,
              "fail": false,
              "pending": false,
              "context": null,
              "code": "// https://on.cypress.io/dblclick\n// Our app has a listener on 'dblclick' event in our 'scripts.js'\n// that hides the div and shows an input on double click\ncy.get(\".action-div\").dblclick().should(\"not.be.visible\");\ncy.get(\".action-input-hidden\").should(\"be.visible\");",
              "err": {},
              "uuid": "cb122014-73b0-4c83-b81d-6ab2b09f46f5",
              "parentUUID": "a07cdd58-702a-4678-8a9d-bf1fe6530caf",
              "isHook": false,
              "skipped": false
            },
            {
              "title": ".rightclick() - right click on a DOM element",
              "fullTitle": "Actions .rightclick() - right click on a DOM element",
              "timedOut": null,
              "duration": 349,
              "state": "passed",
              "speed": "fast",
              "pass": true,
              "fail": false,
              "pending": false,
              "context": null,
              "code": "// https://on.cypress.io/rightclick\n// Our app has a listener on 'contextmenu' event in our 'scripts.js'\n// that hides the div and shows an input on right click\ncy.get(\".rightclick-action-div\").rightclick().should(\"not.be.visible\");\ncy.get(\".rightclick-action-input-hidden\").should(\"be.visible\");",
              "err": {},
              "uuid": "920e4afa-f117-4721-b6a0-6217ec9f2ccc",
              "parentUUID": "a07cdd58-702a-4678-8a9d-bf1fe6530caf",
              "isHook": false,
              "skipped": false
            },
            {
              "title": ".check() - check a checkbox or radio element",
              "fullTitle": "Actions .check() - check a checkbox or radio element",
              "timedOut": null,
              "duration": 1474,
              "state": "passed",
              "speed": "fast",
              "pass": true,
              "fail": false,
              "pending": false,
              "context": null,
              "code": "// https://on.cypress.io/check\n// By default, .check() will check all\n// matching checkbox or radio elements in succession, one after another\ncy.get('.action-checkboxes [type=\"checkbox\"]').not(\"[disabled]\").check().should(\"be.checked\");\ncy.get('.action-radios [type=\"radio\"]').not(\"[disabled]\").check().should(\"be.checked\"); // .check() accepts a value argument\ncy.get('.action-radios [type=\"radio\"]').check(\"radio1\").should(\"be.checked\"); // .check() accepts an array of values\ncy.get('.action-multiple-checkboxes [type=\"checkbox\"]').check([\"checkbox1\", \"checkbox2\"]).should(\"be.checked\"); // Ignore error checking prior to checking\ncy.get(\".action-checkboxes [disabled]\").check({\n  force: true\n}).should(\"be.checked\");\ncy.get('.action-radios [type=\"radio\"]').check(\"radio3\", {\n  force: true\n}).should(\"be.checked\");",
              "err": {},
              "uuid": "e442f414-1810-4a14-b836-0da28675dac8",
              "parentUUID": "a07cdd58-702a-4678-8a9d-bf1fe6530caf",
              "isHook": false,
              "skipped": false
            },
            {
              "title": ".uncheck() - uncheck a checkbox element",
              "fullTitle": "Actions .uncheck() - uncheck a checkbox element",
              "timedOut": null,
              "duration": 1389,
              "state": "passed",
              "speed": "fast",
              "pass": true,
              "fail": false,
              "pending": false,
              "context": null,
              "code": "// https://on.cypress.io/uncheck\n// By default, .uncheck() will uncheck all matching\n// checkbox elements in succession, one after another\ncy.get('.action-check [type=\"checkbox\"]').not(\"[disabled]\").uncheck().should(\"not.be.checked\"); // .uncheck() accepts a value argument\ncy.get('.action-check [type=\"checkbox\"]').check(\"checkbox1\").uncheck(\"checkbox1\").should(\"not.be.checked\"); // .uncheck() accepts an array of values\ncy.get('.action-check [type=\"checkbox\"]').check([\"checkbox1\", \"checkbox3\"]).uncheck([\"checkbox1\", \"checkbox3\"]).should(\"not.be.checked\"); // Ignore error checking prior to unchecking\ncy.get(\".action-check [disabled]\").uncheck({\n  force: true\n}).should(\"not.be.checked\");",
              "err": {},
              "uuid": "fc0125c6-8191-4936-89dc-e245e0573bf5",
              "parentUUID": "a07cdd58-702a-4678-8a9d-bf1fe6530caf",
              "isHook": false,
              "skipped": false
            },
            {
              "title": ".select() - select an option in a <select> element",
              "fullTitle": "Actions .select() - select an option in a <select> element",
              "timedOut": null,
              "duration": 1252,
              "state": "passed",
              "speed": "fast",
              "pass": true,
              "fail": false,
              "pending": false,
              "context": null,
              "code": "// https://on.cypress.io/select\n// at first, no option should be selected\ncy.get(\".action-select\").should(\"have.value\", \"--Select a fruit--\"); // Select option(s) with matching text content\ncy.get(\".action-select\").select(\"apples\"); // confirm the apples were selected\n// note that each value starts with \"fr-\" in our HTML\ncy.get(\".action-select\").should(\"have.value\", \"fr-apples\");\ncy.get(\".action-select-multiple\").select([\"apples\", \"oranges\", \"bananas\"]) // when getting multiple values, invoke \"val\" method first\n.invoke(\"val\").should(\"deep.equal\", [\"fr-apples\", \"fr-oranges\", \"fr-bananas\"]); // Select option(s) with matching value\ncy.get(\".action-select\").select(\"fr-bananas\") // can attach an assertion right away to the element\n.should(\"have.value\", \"fr-bananas\");\ncy.get(\".action-select-multiple\").select([\"fr-apples\", \"fr-oranges\", \"fr-bananas\"]).invoke(\"val\").should(\"deep.equal\", [\"fr-apples\", \"fr-oranges\", \"fr-bananas\"]); // assert the selected values include oranges\ncy.get(\".action-select-multiple\").invoke(\"val\").should(\"include\", \"fr-oranges\");",
              "err": {},
              "uuid": "49de5ce5-60b9-486c-9b27-d05cf9493a63",
              "parentUUID": "a07cdd58-702a-4678-8a9d-bf1fe6530caf",
              "isHook": false,
              "skipped": false
            },
            {
              "title": ".scrollIntoView() - scroll an element into view",
              "fullTitle": "Actions .scrollIntoView() - scroll an element into view",
              "timedOut": null,
              "duration": 224,
              "state": "passed",
              "speed": "fast",
              "pass": true,
              "fail": false,
              "pending": false,
              "context": null,
              "code": "// https://on.cypress.io/scrollintoview\n// normally all of these buttons are hidden,\n// because they're not within\n// the viewable area of their parent\n// (we need to scroll to see them)\ncy.get(\"#scroll-horizontal button\").should(\"not.be.visible\"); // scroll the button into view, as if the user had scrolled\ncy.get(\"#scroll-horizontal button\").scrollIntoView().should(\"be.visible\");\ncy.get(\"#scroll-vertical button\").should(\"not.be.visible\"); // Cypress handles the scroll direction needed\ncy.get(\"#scroll-vertical button\").scrollIntoView().should(\"be.visible\");\ncy.get(\"#scroll-both button\").should(\"not.be.visible\"); // Cypress knows to scroll to the right and down\ncy.get(\"#scroll-both button\").scrollIntoView().should(\"be.visible\");",
              "err": {},
              "uuid": "53fefe02-1b78-4b13-a8c2-cf64bda88a95",
              "parentUUID": "a07cdd58-702a-4678-8a9d-bf1fe6530caf",
              "isHook": false,
              "skipped": false
            },
            {
              "title": ".trigger() - trigger an event on a DOM element",
              "fullTitle": "Actions .trigger() - trigger an event on a DOM element",
              "timedOut": null,
              "duration": 225,
              "state": "passed",
              "speed": "fast",
              "pass": true,
              "fail": false,
              "pending": false,
              "context": null,
              "code": "// https://on.cypress.io/trigger\n// To interact with a range input (slider)\n// we need to set its value & trigger the\n// event to signal it changed\n// Here, we invoke jQuery's val() method to set\n// the value and trigger the 'change' event\ncy.get(\".trigger-input-range\").invoke(\"val\", 25).trigger(\"change\").get(\"input[type=range]\").siblings(\"p\").should(\"have.text\", \"25\");",
              "err": {},
              "uuid": "6a736189-3e42-43e4-a2d1-00ab2af050a8",
              "parentUUID": "a07cdd58-702a-4678-8a9d-bf1fe6530caf",
              "isHook": false,
              "skipped": false
            },
            {
              "title": "cy.scrollTo() - scroll the window or element to a position",
              "fullTitle": "Actions cy.scrollTo() - scroll the window or element to a position",
              "timedOut": null,
              "duration": 2334,
              "state": "passed",
              "speed": "fast",
              "pass": true,
              "fail": false,
              "pending": false,
              "context": null,
              "code": "// https://on.cypress.io/scrollto\n// You can scroll to 9 specific positions of an element:\n//  -----------------------------------\n// | topLeft        top       topRight |\n// |                                   |\n// |                                   |\n// |                                   |\n// | left          center        right |\n// |                                   |\n// |                                   |\n// |                                   |\n// | bottomLeft   bottom   bottomRight |\n//  -----------------------------------\n// if you chain .scrollTo() off of cy, we will\n// scroll the entire window\ncy.scrollTo(\"bottom\");\ncy.get(\"#scrollable-horizontal\").scrollTo(\"right\"); // or you can scroll to a specific coordinate:\n// (x axis, y axis) in pixels\ncy.get(\"#scrollable-vertical\").scrollTo(250, 250); // or you can scroll to a specific percentage\n// of the (width, height) of the element\ncy.get(\"#scrollable-both\").scrollTo(\"75%\", \"25%\"); // control the easing of the scroll (default is 'swing')\ncy.get(\"#scrollable-vertical\").scrollTo(\"center\", {\n  easing: \"linear\"\n}); // control the duration of the scroll (in ms)\ncy.get(\"#scrollable-both\").scrollTo(\"center\", {\n  duration: 2000\n});",
              "err": {},
              "uuid": "350e43e8-1116-4016-b974-e850ff54e24e",
              "parentUUID": "a07cdd58-702a-4678-8a9d-bf1fe6530caf",
              "isHook": false,
              "skipped": false
            }
          ],
          "suites": [],
          "passes": [
            "dbec6f2d-9be4-467e-9235-e7954273707e",
            "451a0f40-1ee5-4c5d-b1c5-2e4cbdc1f045",
            "af8ff991-9b0c-4730-ab4c-fd86fb7aec7d",
            "e3be26ee-8ee8-473f-83c6-2e69552e3448",
            "fbcb4ffd-a8b4-4968-a79e-d9f46ff1c2f0",
            "13be1a26-c236-4b3e-acb1-33777fa1b047",
            "cb122014-73b0-4c83-b81d-6ab2b09f46f5",
            "920e4afa-f117-4721-b6a0-6217ec9f2ccc",
            "e442f414-1810-4a14-b836-0da28675dac8",
            "fc0125c6-8191-4936-89dc-e245e0573bf5",
            "49de5ce5-60b9-486c-9b27-d05cf9493a63",
            "53fefe02-1b78-4b13-a8c2-cf64bda88a95",
            "6a736189-3e42-43e4-a2d1-00ab2af050a8",
            "350e43e8-1116-4016-b974-e850ff54e24e"
          ],
          "failures": [],
          "pending": [],
          "skipped": [],
          "duration": 18311,
          "root": false,
          "rootEmpty": false,
          "_timeout": 2000
        }
      ],
      "passes": [],
      "failures": [],
      "pending": [],
      "skipped": [],
      "duration": 0,
      "root": true,
      "rootEmpty": true,
      "_timeout": 2000
    },
    {
      "uuid": "2eb1740a-3977-4923-b0fe-364420bfdb5c",
      "title": "",
      "fullFile": "cypress/e2e/2-advanced-examples/aliasing.cy.js",
      "file": "cypress/e2e/2-advanced-examples/aliasing.cy.js",
      "beforeHooks": [],
      "afterHooks": [],
      "tests": [
        {
          "title": "An uncaught error was detected outside of a test",
          "fullTitle": "An uncaught error was detected outside of a test",
          "timedOut": null,
          "duration": 159,
          "state": "failed",
          "speed": null,
          "pass": false,
          "fail": true,
          "pending": false,
          "context": null,
          "code": "throw err;",
          "err": {
            "message": "ReferenceError: The following error originated from your test code, not from Cypress.\n\n  > second is not defined\n\nWhen Cypress detects uncaught errors originating from your test code it will automatically fail the current test.\n\nCypress could not associate this error to any specific test.\n\nWe dynamically generated a new test to display this failure.",
            "estack": "ReferenceError: The following error originated from your test code, not from Cypress.\n\n  > second is not defined\n\nWhen Cypress detects uncaught errors originating from your test code it will automatically fail the current test.\n\nCypress could not associate this error to any specific test.\n\nWe dynamically generated a new test to display this failure.\n    at Suite.eval (http://localhost:40449/__cypress/tests?p=cypress/e2e/2-advanced-examples/aliasing.cy.js:101:3)\n    at ./cypress/e2e/2-advanced-examples/aliasing.cy.js (http://localhost:40449/__cypress/tests?p=cypress/e2e/2-advanced-examples/aliasing.cy.js:100:1)\n    at __webpack_require__ (http://localhost:40449/__cypress/tests?p=cypress/e2e/2-advanced-examples/aliasing.cy.js:20:30)\n    at 0 (http://localhost:40449/__cypress/tests?p=cypress/e2e/2-advanced-examples/aliasing.cy.js:137:18)\n    at __webpack_require__ (http://localhost:40449/__cypress/tests?p=cypress/e2e/2-advanced-examples/aliasing.cy.js:20:30)\n    at eval (http://localhost:40449/__cypress/tests?p=cypress/e2e/2-advanced-examples/aliasing.cy.js:84:18)\n    at eval (http://localhost:40449/__cypress/tests?p=cypress/e2e/2-advanced-examples/aliasing.cy.js:87:10)\n    at eval (<anonymous>)",
            "diff": null
          },
          "uuid": "8ec15581-1676-4a39-8f82-3294163f0fed",
          "parentUUID": "2eb1740a-3977-4923-b0fe-364420bfdb5c",
          "isHook": false,
          "skipped": false
        }
      ],
      "suites": [],
      "passes": [],
      "failures": [
        "8ec15581-1676-4a39-8f82-3294163f0fed"
      ],
      "pending": [],
      "skipped": [],
      "duration": 159,
      "root": true,
      "rootEmpty": false,
      "_timeout": 2000
    },
    {
      "uuid": "e272842c-5f25-4d84-ba4d-14c9966f9355",
      "title": "",
      "fullFile": "cypress/e2e/2-advanced-examples/assertions.cy.js",
      "file": "cypress/e2e/2-advanced-examples/assertions.cy.js",
      "beforeHooks": [],
      "afterHooks": [],
      "tests": [],
      "suites": [
        {
          "uuid": "4c8dc270-8018-4b05-acdc-8e26a725df89",
          "title": "Assertions",
          "fullFile": "",
          "file": "",
          "beforeHooks": [],
          "afterHooks": [],
          "tests": [],
          "suites": [
            {
              "uuid": "69becbd4-5f82-4b5c-9b45-276ac21b081b",
              "title": "Implicit Assertions",
              "fullFile": "",
              "file": "",
              "beforeHooks": [],
              "afterHooks": [],
              "tests": [
                {
                  "title": ".should() - make an assertion about the current subject",
                  "fullTitle": "Assertions Implicit Assertions .should() - make an assertion about the current subject",
                  "timedOut": null,
                  "duration": 558,
                  "state": "passed",
                  "speed": "fast",
                  "pass": true,
                  "fail": false,
                  "pending": false,
                  "context": null,
                  "code": "// https://on.cypress.io/should\ncy.get(\".assertion-table\").find(\"tbody tr:last\").should(\"have.class\", \"success\").find(\"td\").first() // checking the text of the <td> element in various ways\n.should(\"have.text\", \"Column content\").should(\"contain\", \"Column content\").should(\"have.html\", \"Column content\") // chai-jquery uses \"is()\" to check if element matches selector\n.should(\"match\", \"td\") // to match text content against a regular expression\n// first need to invoke jQuery method text()\n// and then match using regular expression\n.invoke(\"text\").should(\"match\", /column content/i); // a better way to check element's text content against a regular expression\n// is to use \"cy.contains\"\n// https://on.cypress.io/contains\ncy.get(\".assertion-table\").find(\"tbody tr:last\") // finds first <td> element with text content matching regular expression\n.contains(\"td\", /column content/i).should(\"be.visible\"); // for more information about asserting element's text\n// see https://on.cypress.io/using-cypress-faq#How-do-I-get-an-element’s-text-contents",
                  "err": {},
                  "uuid": "93db953a-f639-4e60-8a9b-a665cc418139",
                  "parentUUID": "69becbd4-5f82-4b5c-9b45-276ac21b081b",
                  "isHook": false,
                  "skipped": false
                },
                {
                  "title": ".and() - chain multiple assertions together",
                  "fullTitle": "Assertions Implicit Assertions .and() - chain multiple assertions together",
                  "timedOut": null,
                  "duration": 268,
                  "state": "passed",
                  "speed": "fast",
                  "pass": true,
                  "fail": false,
                  "pending": false,
                  "context": null,
                  "code": "// https://on.cypress.io/and\ncy.get(\".assertions-link\").should(\"have.class\", \"active\").and(\"have.attr\", \"href\").and(\"include\", \"cypress.io\");",
                  "err": {},
                  "uuid": "d0196323-b5a8-4e18-ab91-80b3a041d99b",
                  "parentUUID": "69becbd4-5f82-4b5c-9b45-276ac21b081b",
                  "isHook": false,
                  "skipped": false
                }
              ],
              "suites": [],
              "passes": [
                "93db953a-f639-4e60-8a9b-a665cc418139",
                "d0196323-b5a8-4e18-ab91-80b3a041d99b"
              ],
              "failures": [],
              "pending": [],
              "skipped": [],
              "duration": 826,
              "root": false,
              "rootEmpty": false,
              "_timeout": 2000
            },
            {
              "uuid": "de144b1e-1069-47e9-8640-0be1dca1628e",
              "title": "Explicit Assertions",
              "fullFile": "",
              "file": "",
              "beforeHooks": [],
              "afterHooks": [],
              "tests": [
                {
                  "title": "expect - make an assertion about a specified subject",
                  "fullTitle": "Assertions Explicit Assertions expect - make an assertion about a specified subject",
                  "timedOut": null,
                  "duration": 193,
                  "state": "passed",
                  "speed": "fast",
                  "pass": true,
                  "fail": false,
                  "pending": false,
                  "context": null,
                  "code": "// We can use Chai's BDD style assertions\nexpect(true).to.be.true;\nconst o = {\n  foo: \"bar\"\n};\nexpect(o).to.equal(o);\nexpect(o).to.deep.equal({\n  foo: \"bar\"\n}); // matching text using regular expression\nexpect(\"FooBar\").to.match(/bar$/i);",
                  "err": {},
                  "uuid": "0f140df1-32c2-4f80-9aaa-b7d6e9ef0867",
                  "parentUUID": "de144b1e-1069-47e9-8640-0be1dca1628e",
                  "isHook": false,
                  "skipped": false
                },
                {
                  "title": "pass your own callback function to should()",
                  "fullTitle": "Assertions Explicit Assertions pass your own callback function to should()",
                  "timedOut": null,
                  "duration": 184,
                  "state": "passed",
                  "speed": "fast",
                  "pass": true,
                  "fail": false,
                  "pending": false,
                  "context": null,
                  "code": "// Pass a function to should that can have any number\n// of explicit assertions within it.\n// The \".should(cb)\" function will be retried\n// automatically until it passes all your explicit assertions or times out.\ncy.get(\".assertions-p\").find(\"p\").should($p => {\n  // https://on.cypress.io/$\n  // return an array of texts from all of the p's\n  const texts = $p.map((i, el) => Cypress.$(el).text()); // jquery map returns jquery object\n  // and .get() convert this to simple array\n  const paragraphs = texts.get(); // array should have length of 3\n  expect(paragraphs, \"has 3 paragraphs\").to.have.length(3); // use second argument to expect(...) to provide clear\n  // message with each assertion\n  expect(paragraphs, \"has expected text in each paragraph\").to.deep.eq([\"Some text from first p\", \"More text from second p\", \"And even more text from third p\"]);\n});",
                  "err": {},
                  "uuid": "8d65070b-f335-41b9-8987-d3409137056d",
                  "parentUUID": "de144b1e-1069-47e9-8640-0be1dca1628e",
                  "isHook": false,
                  "skipped": false
                },
                {
                  "title": "finds element by class name regex",
                  "fullTitle": "Assertions Explicit Assertions finds element by class name regex",
                  "timedOut": null,
                  "duration": 194,
                  "state": "passed",
                  "speed": "fast",
                  "pass": true,
                  "fail": false,
                  "pending": false,
                  "context": null,
                  "code": "cy.get(\".docs-header\").find(\"div\") // .should(cb) callback function will be retried\n.should($div => {\n  expect($div).to.have.length(1);\n  const className = $div[0].className;\n  expect(className).to.match(/heading-/);\n}) // .then(cb) callback is not retried,\n// it either passes or fails\n.then($div => {\n  expect($div, \"text content\").to.have.text(\"Introduction\");\n});",
                  "err": {},
                  "uuid": "69f14066-5f2a-4a3f-a26b-8832063209a7",
                  "parentUUID": "de144b1e-1069-47e9-8640-0be1dca1628e",
                  "isHook": false,
                  "skipped": false
                },
                {
                  "title": "can throw any error",
                  "fullTitle": "Assertions Explicit Assertions can throw any error",
                  "timedOut": null,
                  "duration": 165,
                  "state": "passed",
                  "speed": "fast",
                  "pass": true,
                  "fail": false,
                  "pending": false,
                  "context": null,
                  "code": "cy.get(\".docs-header\").find(\"div\").should($div => {\n  if ($div.length !== 1) {\n    // you can throw your own errors\n    throw new Error(\"Did not find 1 element\");\n  }\n  const className = $div[0].className;\n  if (!className.match(/heading-/)) {\n    throw new Error(`Could not find class \"heading-\" in ${className}`);\n  }\n});",
                  "err": {},
                  "uuid": "0f8b2ae5-f4b9-4dcc-820a-c58ad2821abc",
                  "parentUUID": "de144b1e-1069-47e9-8640-0be1dca1628e",
                  "isHook": false,
                  "skipped": false
                },
                {
                  "title": "matches unknown text between two elements",
                  "fullTitle": "Assertions Explicit Assertions matches unknown text between two elements",
                  "timedOut": null,
                  "duration": 236,
                  "state": "passed",
                  "speed": "fast",
                  "pass": true,
                  "fail": false,
                  "pending": false,
                  "context": null,
                  "code": "/**\n * Text from the first element.\n * @type {string}\n */\nlet text;\n/**\n * Normalizes passed text,\n * useful before comparing text with spaces and different capitalization.\n * @param {string} s Text to normalize\n */\nconst normalizeText = s => s.replace(/\\s/g, \"\").toLowerCase();\ncy.get(\".two-elements\").find(\".first\").then($first => {\n  // save text from the first element\n  text = normalizeText($first.text());\n});\ncy.get(\".two-elements\").find(\".second\").should($div => {\n  // we can massage text before comparing\n  const secondText = normalizeText($div.text());\n  expect(secondText, \"second text\").to.equal(text);\n});",
                  "err": {},
                  "uuid": "2d8bf27d-06de-4865-aaec-2ae49a7575b1",
                  "parentUUID": "de144b1e-1069-47e9-8640-0be1dca1628e",
                  "isHook": false,
                  "skipped": false
                },
                {
                  "title": "assert - assert shape of an object",
                  "fullTitle": "Assertions Explicit Assertions assert - assert shape of an object",
                  "timedOut": null,
                  "duration": 211,
                  "state": "passed",
                  "speed": "fast",
                  "pass": true,
                  "fail": false,
                  "pending": false,
                  "context": null,
                  "code": "const person = {\n  name: \"Joe\",\n  age: 20\n};\nassert.isObject(person, \"value is object\");",
                  "err": {},
                  "uuid": "8960ad23-02b3-4b22-a1bf-7d0662073535",
                  "parentUUID": "de144b1e-1069-47e9-8640-0be1dca1628e",
                  "isHook": false,
                  "skipped": false
                },
                {
                  "title": "retries the should callback until assertions pass",
                  "fullTitle": "Assertions Explicit Assertions retries the should callback until assertions pass",
                  "timedOut": null,
                  "duration": 1779,
                  "state": "passed",
                  "speed": "fast",
                  "pass": true,
                  "fail": false,
                  "pending": false,
                  "context": null,
                  "code": "cy.get(\"#random-number\").should($div => {\n  const n = parseFloat($div.text());\n  expect(n).to.be.gte(1).and.be.lte(10);\n});",
                  "err": {},
                  "uuid": "7b09be2f-d4fb-49f1-a1c1-fd19e702c306",
                  "parentUUID": "de144b1e-1069-47e9-8640-0be1dca1628e",
                  "isHook": false,
                  "skipped": false
                }
              ],
              "suites": [],
              "passes": [
                "0f140df1-32c2-4f80-9aaa-b7d6e9ef0867",
                "8d65070b-f335-41b9-8987-d3409137056d",
                "69f14066-5f2a-4a3f-a26b-8832063209a7",
                "0f8b2ae5-f4b9-4dcc-820a-c58ad2821abc",
                "2d8bf27d-06de-4865-aaec-2ae49a7575b1",
                "8960ad23-02b3-4b22-a1bf-7d0662073535",
                "7b09be2f-d4fb-49f1-a1c1-fd19e702c306"
              ],
              "failures": [],
              "pending": [],
              "skipped": [],
              "duration": 2962,
              "root": false,
              "rootEmpty": false,
              "_timeout": 2000
            }
          ],
          "passes": [],
          "failures": [],
          "pending": [],
          "skipped": [],
          "duration": 0,
          "root": false,
          "rootEmpty": false,
          "_timeout": 2000
        }
      ],
      "passes": [],
      "failures": [],
      "pending": [],
      "skipped": [],
      "duration": 0,
      "root": true,
      "rootEmpty": true,
      "_timeout": 2000
    },
    {
      "uuid": "452dae2c-1a71-4b80-9531-512054bc7d2a",
      "title": "",
      "fullFile": "cypress/e2e/2-advanced-examples/connectors.cy.js",
      "file": "cypress/e2e/2-advanced-examples/connectors.cy.js",
      "beforeHooks": [],
      "afterHooks": [],
      "tests": [],
      "suites": [
        {
          "uuid": "409e5f2a-60e2-4eec-b0cd-bf864f3c23e7",
          "title": "Connectors",
          "fullFile": "",
          "file": "",
          "beforeHooks": [],
          "afterHooks": [],
          "tests": [
            {
              "title": ".each() - iterate over an array of elements",
              "fullTitle": "Connectors .each() - iterate over an array of elements",
              "timedOut": null,
              "duration": 382,
              "state": "passed",
              "speed": "fast",
              "pass": true,
              "fail": false,
              "pending": false,
              "context": null,
              "code": "// https://on.cypress.io/each\ncy.get(\".connectors-each-ul>li\").each(($el, index, $list) => {\n  console.log($el, index, $list);\n});",
              "err": {},
              "uuid": "68218e46-e0b2-4181-9503-f8cad08ccdba",
              "parentUUID": "409e5f2a-60e2-4eec-b0cd-bf864f3c23e7",
              "isHook": false,
              "skipped": false
            },
            {
              "title": ".its() - get properties on the current subject",
              "fullTitle": "Connectors .its() - get properties on the current subject",
              "timedOut": null,
              "duration": 175,
              "state": "passed",
              "speed": "fast",
              "pass": true,
              "fail": false,
              "pending": false,
              "context": null,
              "code": "// https://on.cypress.io/its\ncy.get(\".connectors-its-ul>li\") // calls the 'length' property yielding that value\n.its(\"length\").should(\"be.gt\", 2);",
              "err": {},
              "uuid": "8936aa20-6951-41cd-b52b-7505a4bed8a8",
              "parentUUID": "409e5f2a-60e2-4eec-b0cd-bf864f3c23e7",
              "isHook": false,
              "skipped": false
            },
            {
              "title": ".invoke() - invoke a function on the current subject",
              "fullTitle": "Connectors .invoke() - invoke a function on the current subject",
              "timedOut": null,
              "duration": 175,
              "state": "passed",
              "speed": "fast",
              "pass": true,
              "fail": false,
              "pending": false,
              "context": null,
              "code": "// our div is hidden in our script.js\n// $('.connectors-div').hide()\n// https://on.cypress.io/invoke\ncy.get(\".connectors-div\").should(\"be.hidden\") // call the jquery method 'show' on the 'div.container'\n.invoke(\"show\").should(\"be.visible\");",
              "err": {},
              "uuid": "5f148da4-78c6-494c-a4b8-6e257fdc3e23",
              "parentUUID": "409e5f2a-60e2-4eec-b0cd-bf864f3c23e7",
              "isHook": false,
              "skipped": false
            },
            {
              "title": ".spread() - spread an array as individual args to callback function",
              "fullTitle": "Connectors .spread() - spread an array as individual args to callback function",
              "timedOut": null,
              "duration": 154,
              "state": "passed",
              "speed": "fast",
              "pass": true,
              "fail": false,
              "pending": false,
              "context": null,
              "code": "// https://on.cypress.io/spread\nconst arr = [\"foo\", \"bar\", \"baz\"];\ncy.wrap(arr).spread((foo, bar, baz) => {\n  expect(foo).to.eq(\"foo\");\n  expect(bar).to.eq(\"bar\");\n  expect(baz).to.eq(\"baz\");\n});",
              "err": {},
              "uuid": "75f63a42-86c9-46fa-b522-4281b3262379",
              "parentUUID": "409e5f2a-60e2-4eec-b0cd-bf864f3c23e7",
              "isHook": false,
              "skipped": false
            }
          ],
          "suites": [
            {
              "uuid": "77ea7288-6b74-44c5-b53a-d7d42955e01b",
              "title": ".then()",
              "fullFile": "",
              "file": "",
              "beforeHooks": [],
              "afterHooks": [],
              "tests": [
                {
                  "title": "invokes a callback function with the current subject",
                  "fullTitle": "Connectors .then() invokes a callback function with the current subject",
                  "timedOut": null,
                  "duration": 191,
                  "state": "passed",
                  "speed": "fast",
                  "pass": true,
                  "fail": false,
                  "pending": false,
                  "context": null,
                  "code": "// https://on.cypress.io/then\ncy.get(\".connectors-list > li\").then($lis => {\n  expect($lis, \"3 items\").to.have.length(3);\n  expect($lis.eq(0), \"first item\").to.contain(\"Walk the dog\");\n  expect($lis.eq(1), \"second item\").to.contain(\"Feed the cat\");\n  expect($lis.eq(2), \"third item\").to.contain(\"Write JavaScript\");\n});",
                  "err": {},
                  "uuid": "b1141716-9fef-4066-8033-c43121b1c497",
                  "parentUUID": "77ea7288-6b74-44c5-b53a-d7d42955e01b",
                  "isHook": false,
                  "skipped": false
                },
                {
                  "title": "yields the returned value to the next command",
                  "fullTitle": "Connectors .then() yields the returned value to the next command",
                  "timedOut": null,
                  "duration": 175,
                  "state": "passed",
                  "speed": "fast",
                  "pass": true,
                  "fail": false,
                  "pending": false,
                  "context": null,
                  "code": "cy.wrap(1).then(num => {\n  expect(num).to.equal(1);\n  return 2;\n}).then(num => {\n  expect(num).to.equal(2);\n});",
                  "err": {},
                  "uuid": "bd44f144-077f-4933-a233-bff2aa4e6bb5",
                  "parentUUID": "77ea7288-6b74-44c5-b53a-d7d42955e01b",
                  "isHook": false,
                  "skipped": false
                },
                {
                  "title": "yields the original subject without return",
                  "fullTitle": "Connectors .then() yields the original subject without return",
                  "timedOut": null,
                  "duration": 170,
                  "state": "passed",
                  "speed": "fast",
                  "pass": true,
                  "fail": false,
                  "pending": false,
                  "context": null,
                  "code": "cy.wrap(1).then(num => {\n  expect(num).to.equal(1); // note that nothing is returned from this callback\n}).then(num => {\n  // this callback receives the original unchanged value 1\n  expect(num).to.equal(1);\n});",
                  "err": {},
                  "uuid": "f6e9c20d-42c9-4fa2-9359-50d7a0426596",
                  "parentUUID": "77ea7288-6b74-44c5-b53a-d7d42955e01b",
                  "isHook": false,
                  "skipped": false
                },
                {
                  "title": "yields the value yielded by the last Cypress command inside",
                  "fullTitle": "Connectors .then() yields the value yielded by the last Cypress command inside",
                  "timedOut": null,
                  "duration": 272,
                  "state": "passed",
                  "speed": "fast",
                  "pass": true,
                  "fail": false,
                  "pending": false,
                  "context": null,
                  "code": "cy.wrap(1).then(num => {\n  expect(num).to.equal(1); // note how we run a Cypress command\n  // the result yielded by this Cypress command\n  // will be passed to the second \".then\"\n  cy.wrap(2);\n}).then(num => {\n  // this callback receives the value yielded by \"cy.wrap(2)\"\n  expect(num).to.equal(2);\n});",
                  "err": {},
                  "uuid": "03c8b229-dfbf-4fa1-9b27-2d8b392e6c90",
                  "parentUUID": "77ea7288-6b74-44c5-b53a-d7d42955e01b",
                  "isHook": false,
                  "skipped": false
                }
              ],
              "suites": [],
              "passes": [
                "b1141716-9fef-4066-8033-c43121b1c497",
                "bd44f144-077f-4933-a233-bff2aa4e6bb5",
                "f6e9c20d-42c9-4fa2-9359-50d7a0426596",
                "03c8b229-dfbf-4fa1-9b27-2d8b392e6c90"
              ],
              "failures": [],
              "pending": [],
              "skipped": [],
              "duration": 808,
              "root": false,
              "rootEmpty": false,
              "_timeout": 2000
            }
          ],
          "passes": [
            "68218e46-e0b2-4181-9503-f8cad08ccdba",
            "8936aa20-6951-41cd-b52b-7505a4bed8a8",
            "5f148da4-78c6-494c-a4b8-6e257fdc3e23",
            "75f63a42-86c9-46fa-b522-4281b3262379"
          ],
          "failures": [],
          "pending": [],
          "skipped": [],
          "duration": 886,
          "root": false,
          "rootEmpty": false,
          "_timeout": 2000
        }
      ],
      "passes": [],
      "failures": [],
      "pending": [],
      "skipped": [],
      "duration": 0,
      "root": true,
      "rootEmpty": true,
      "_timeout": 2000
    },
    {
      "uuid": "f219f11c-d046-4d62-ae48-f67605468bbc",
      "title": "",
      "fullFile": "cypress/e2e/2-advanced-examples/cookies.cy.js",
      "file": "cypress/e2e/2-advanced-examples/cookies.cy.js",
      "beforeHooks": [],
      "afterHooks": [],
      "tests": [],
      "suites": [
        {
          "uuid": "affdbd84-0dfb-494d-93ea-10d73c52d981",
          "title": "Cookies",
          "fullFile": "",
          "file": "",
          "beforeHooks": [],
          "afterHooks": [],
          "tests": [
            {
              "title": "cy.getCookie() - get a browser cookie",
              "fullTitle": "Cookies cy.getCookie() - get a browser cookie",
              "timedOut": null,
              "duration": 484,
              "state": "passed",
              "speed": "fast",
              "pass": true,
              "fail": false,
              "pending": false,
              "context": null,
              "code": "// https://on.cypress.io/getcookie\ncy.get(\"#getCookie .set-a-cookie\").click(); // cy.getCookie() yields a cookie object\ncy.getCookie(\"token\").should(\"have.property\", \"value\", \"123ABC\");",
              "err": {},
              "uuid": "dfd18c58-fc04-495d-8f49-4b04f13a256e",
              "parentUUID": "affdbd84-0dfb-494d-93ea-10d73c52d981",
              "isHook": false,
              "skipped": false
            },
            {
              "title": "cy.getCookies() - get browser cookies",
              "fullTitle": "Cookies cy.getCookies() - get browser cookies",
              "timedOut": null,
              "duration": 313,
              "state": "passed",
              "speed": "fast",
              "pass": true,
              "fail": false,
              "pending": false,
              "context": null,
              "code": "// https://on.cypress.io/getcookies\ncy.getCookies().should(\"be.empty\");\ncy.get(\"#getCookies .set-a-cookie\").click(); // cy.getCookies() yields an array of cookies\ncy.getCookies().should(\"have.length\", 1).should(cookies => {\n  // each cookie has these properties\n  expect(cookies[0]).to.have.property(\"name\", \"token\");\n  expect(cookies[0]).to.have.property(\"value\", \"123ABC\");\n  expect(cookies[0]).to.have.property(\"httpOnly\", false);\n  expect(cookies[0]).to.have.property(\"secure\", false);\n  expect(cookies[0]).to.have.property(\"domain\");\n  expect(cookies[0]).to.have.property(\"path\");\n});",
              "err": {},
              "uuid": "150c14cf-29c5-4ad9-a63d-67d0dd499ce1",
              "parentUUID": "affdbd84-0dfb-494d-93ea-10d73c52d981",
              "isHook": false,
              "skipped": false
            },
            {
              "title": "cy.setCookie() - set a browser cookie",
              "fullTitle": "Cookies cy.setCookie() - set a browser cookie",
              "timedOut": null,
              "duration": 172,
              "state": "passed",
              "speed": "fast",
              "pass": true,
              "fail": false,
              "pending": false,
              "context": null,
              "code": "// https://on.cypress.io/setcookie\ncy.getCookies().should(\"be.empty\");\ncy.setCookie(\"foo\", \"bar\"); // cy.getCookie() yields a cookie object\ncy.getCookie(\"foo\").should(\"have.property\", \"value\", \"bar\");",
              "err": {},
              "uuid": "b99f0db8-b8ec-4289-ac0f-4cf6a83bcede",
              "parentUUID": "affdbd84-0dfb-494d-93ea-10d73c52d981",
              "isHook": false,
              "skipped": false
            },
            {
              "title": "cy.clearCookie() - clear a browser cookie",
              "fullTitle": "Cookies cy.clearCookie() - clear a browser cookie",
              "timedOut": null,
              "duration": 296,
              "state": "passed",
              "speed": "fast",
              "pass": true,
              "fail": false,
              "pending": false,
              "context": null,
              "code": "// https://on.cypress.io/clearcookie\ncy.getCookie(\"token\").should(\"be.null\");\ncy.get(\"#clearCookie .set-a-cookie\").click();\ncy.getCookie(\"token\").should(\"have.property\", \"value\", \"123ABC\"); // cy.clearCookies() yields null\ncy.clearCookie(\"token\").should(\"be.null\");\ncy.getCookie(\"token\").should(\"be.null\");",
              "err": {},
              "uuid": "c633a3ca-c194-48e0-a81c-567c6b11ae26",
              "parentUUID": "affdbd84-0dfb-494d-93ea-10d73c52d981",
              "isHook": false,
              "skipped": false
            },
            {
              "title": "cy.clearCookies() - clear browser cookies",
              "fullTitle": "Cookies cy.clearCookies() - clear browser cookies",
              "timedOut": null,
              "duration": 287,
              "state": "passed",
              "speed": "fast",
              "pass": true,
              "fail": false,
              "pending": false,
              "context": null,
              "code": "// https://on.cypress.io/clearcookies\ncy.getCookies().should(\"be.empty\");\ncy.get(\"#clearCookies .set-a-cookie\").click();\ncy.getCookies().should(\"have.length\", 1); // cy.clearCookies() yields null\ncy.clearCookies();\ncy.getCookies().should(\"be.empty\");",
              "err": {},
              "uuid": "257a96d6-44ff-4b95-9cdd-8dc6105d0ba4",
              "parentUUID": "affdbd84-0dfb-494d-93ea-10d73c52d981",
              "isHook": false,
              "skipped": false
            }
          ],
          "suites": [],
          "passes": [
            "dfd18c58-fc04-495d-8f49-4b04f13a256e",
            "150c14cf-29c5-4ad9-a63d-67d0dd499ce1",
            "b99f0db8-b8ec-4289-ac0f-4cf6a83bcede",
            "c633a3ca-c194-48e0-a81c-567c6b11ae26",
            "257a96d6-44ff-4b95-9cdd-8dc6105d0ba4"
          ],
          "failures": [],
          "pending": [],
          "skipped": [],
          "duration": 1552,
          "root": false,
          "rootEmpty": false,
          "_timeout": 2000
        }
      ],
      "passes": [],
      "failures": [],
      "pending": [],
      "skipped": [],
      "duration": 0,
      "root": true,
      "rootEmpty": true,
      "_timeout": 2000
    },
    {
      "uuid": "2f8c41f2-cc1d-4e80-a9c2-4b9d994e71e1",
      "title": "",
      "fullFile": "cypress/e2e/2-advanced-examples/cypress_api.cy.js",
      "file": "cypress/e2e/2-advanced-examples/cypress_api.cy.js",
      "beforeHooks": [],
      "afterHooks": [],
      "tests": [],
      "suites": [
        {
          "uuid": "f5aed280-a150-4cb3-b485-94fb4ed011bf",
          "title": "Cypress.Commands",
          "fullFile": "",
          "file": "",
          "beforeHooks": [],
          "afterHooks": [],
          "tests": [
            {
              "title": ".add() - create a custom command",
              "fullTitle": "Cypress.Commands .add() - create a custom command",
              "timedOut": null,
              "duration": 419,
              "state": "passed",
              "speed": "fast",
              "pass": true,
              "fail": false,
              "pending": false,
              "context": null,
              "code": "Cypress.Commands.add(\"console\", {\n  prevSubject: true\n}, (subject, method) => {\n  // the previous subject is automatically received\n  // and the commands arguments are shifted\n  // allow us to change the console method used\n  method = method || \"log\"; // log the subject to the console\n  console[method](\"The subject is\", subject); // whatever we return becomes the new subject\n  // we don't want to change the subject so\n  // we return whatever was passed in\n  return subject;\n});\ncy.get(\"button\").console(\"info\").then($button => {// subject is still $button\n});",
              "err": {},
              "uuid": "c7c530d8-acfd-4a8d-9aa0-2289253a8bf6",
              "parentUUID": "f5aed280-a150-4cb3-b485-94fb4ed011bf",
              "isHook": false,
              "skipped": false
            }
          ],
          "suites": [],
          "passes": [
            "c7c530d8-acfd-4a8d-9aa0-2289253a8bf6"
          ],
          "failures": [],
          "pending": [],
          "skipped": [],
          "duration": 419,
          "root": false,
          "rootEmpty": false,
          "_timeout": 2000
        },
        {
          "uuid": "74723e65-f78f-419e-a579-848aa2cead32",
          "title": "Cypress.Cookies",
          "fullFile": "",
          "file": "",
          "beforeHooks": [],
          "afterHooks": [],
          "tests": [
            {
              "title": ".debug() - enable or disable debugging",
              "fullTitle": "Cypress.Cookies .debug() - enable or disable debugging",
              "timedOut": null,
              "duration": 195,
              "state": "passed",
              "speed": "fast",
              "pass": true,
              "fail": false,
              "pending": false,
              "context": null,
              "code": "Cypress.Cookies.debug(true); // Cypress will now log in the console when\n// cookies are set or cleared\ncy.setCookie(\"fakeCookie\", \"123ABC\");\ncy.clearCookie(\"fakeCookie\");\ncy.setCookie(\"fakeCookie\", \"123ABC\");\ncy.clearCookie(\"fakeCookie\");\ncy.setCookie(\"fakeCookie\", \"123ABC\");",
              "err": {},
              "uuid": "381c51d5-538d-4bd5-85a1-342e9dc44220",
              "parentUUID": "74723e65-f78f-419e-a579-848aa2cead32",
              "isHook": false,
              "skipped": false
            },
            {
              "title": ".preserveOnce() - preserve cookies by key",
              "fullTitle": "Cypress.Cookies .preserveOnce() - preserve cookies by key",
              "timedOut": null,
              "duration": 215,
              "state": "passed",
              "speed": "fast",
              "pass": true,
              "fail": false,
              "pending": false,
              "context": null,
              "code": "// normally cookies are reset after each test\ncy.getCookie(\"fakeCookie\").should(\"not.be.ok\"); // preserving a cookie will not clear it when\n// the next test starts\ncy.setCookie(\"lastCookie\", \"789XYZ\");\nCypress.Cookies.preserveOnce(\"lastCookie\");",
              "err": {},
              "uuid": "7ff59e6c-326b-4a14-a9d4-72a74fcf6188",
              "parentUUID": "74723e65-f78f-419e-a579-848aa2cead32",
              "isHook": false,
              "skipped": false
            },
            {
              "title": ".defaults() - set defaults for all cookies",
              "fullTitle": "Cypress.Cookies .defaults() - set defaults for all cookies",
              "timedOut": null,
              "duration": 224,
              "state": "passed",
              "speed": "fast",
              "pass": true,
              "fail": false,
              "pending": false,
              "context": null,
              "code": "// now any cookie with the name 'session_id' will\n// not be cleared before each new test runs\nCypress.Cookies.defaults({\n  preserve: \"session_id\"\n});",
              "err": {},
              "uuid": "e24169be-395d-46e6-a4e4-047ba7edc841",
              "parentUUID": "74723e65-f78f-419e-a579-848aa2cead32",
              "isHook": false,
              "skipped": false
            }
          ],
          "suites": [],
          "passes": [
            "381c51d5-538d-4bd5-85a1-342e9dc44220",
            "7ff59e6c-326b-4a14-a9d4-72a74fcf6188",
            "e24169be-395d-46e6-a4e4-047ba7edc841"
          ],
          "failures": [],
          "pending": [],
          "skipped": [],
          "duration": 634,
          "root": false,
          "rootEmpty": false,
          "_timeout": 2000
        },
        {
          "uuid": "ecb18c96-740a-4bea-845b-f1848df6be18",
          "title": "Cypress.arch",
          "fullFile": "",
          "file": "",
          "beforeHooks": [],
          "afterHooks": [],
          "tests": [
            {
              "title": "Get CPU architecture name of underlying OS",
              "fullTitle": "Cypress.arch Get CPU architecture name of underlying OS",
              "timedOut": null,
              "duration": 163,
              "state": "passed",
              "speed": "fast",
              "pass": true,
              "fail": false,
              "pending": false,
              "context": null,
              "code": "// https://on.cypress.io/arch\nexpect(Cypress.arch).to.exist;",
              "err": {},
              "uuid": "4b9bbe24-3a3a-4436-b5d2-890b16652512",
              "parentUUID": "ecb18c96-740a-4bea-845b-f1848df6be18",
              "isHook": false,
              "skipped": false
            }
          ],
          "suites": [],
          "passes": [
            "4b9bbe24-3a3a-4436-b5d2-890b16652512"
          ],
          "failures": [],
          "pending": [],
          "skipped": [],
          "duration": 163,
          "root": false,
          "rootEmpty": false,
          "_timeout": 2000
        },
        {
          "uuid": "8135288c-a26b-42f5-ba4e-10b8478f0acd",
          "title": "Cypress.config()",
          "fullFile": "",
          "file": "",
          "beforeHooks": [],
          "afterHooks": [],
          "tests": [
            {
              "title": "Get and set configuration options",
              "fullTitle": "Cypress.config() Get and set configuration options",
              "timedOut": null,
              "duration": 187,
              "state": "passed",
              "speed": "fast",
              "pass": true,
              "fail": false,
              "pending": false,
              "context": null,
              "code": "// https://on.cypress.io/config\nlet myConfig = Cypress.config();\nexpect(myConfig).to.have.property(\"animationDistanceThreshold\", 5);\nexpect(myConfig).to.have.property(\"baseUrl\", null);\nexpect(myConfig).to.have.property(\"defaultCommandTimeout\", 4000);\nexpect(myConfig).to.have.property(\"requestTimeout\", 5000);\nexpect(myConfig).to.have.property(\"responseTimeout\", 30000);\nexpect(myConfig).to.have.property(\"viewportHeight\", 660);\nexpect(myConfig).to.have.property(\"viewportWidth\", 1000);\nexpect(myConfig).to.have.property(\"pageLoadTimeout\", 60000);\nexpect(myConfig).to.have.property(\"waitForAnimations\", true);\nexpect(Cypress.config(\"pageLoadTimeout\")).to.eq(60000); // this will change the config for the rest of your tests!\nCypress.config(\"pageLoadTimeout\", 20000);\nexpect(Cypress.config(\"pageLoadTimeout\")).to.eq(20000);\nCypress.config(\"pageLoadTimeout\", 60000);",
              "err": {},
              "uuid": "9801d064-bbf8-40dd-a22d-4419e50704d9",
              "parentUUID": "8135288c-a26b-42f5-ba4e-10b8478f0acd",
              "isHook": false,
              "skipped": false
            }
          ],
          "suites": [],
          "passes": [
            "9801d064-bbf8-40dd-a22d-4419e50704d9"
          ],
          "failures": [],
          "pending": [],
          "skipped": [],
          "duration": 187,
          "root": false,
          "rootEmpty": false,
          "_timeout": 2000
        },
        {
          "uuid": "bbf67a81-2e3a-41cf-92d5-efcef018b438",
          "title": "Cypress.dom",
          "fullFile": "",
          "file": "",
          "beforeHooks": [],
          "afterHooks": [],
          "tests": [
            {
              "title": ".isHidden() - determine if a DOM element is hidden",
              "fullTitle": "Cypress.dom .isHidden() - determine if a DOM element is hidden",
              "timedOut": null,
              "duration": 191,
              "state": "passed",
              "speed": "fast",
              "pass": true,
              "fail": false,
              "pending": false,
              "context": null,
              "code": "let hiddenP = Cypress.$(\".dom-p p.hidden\").get(0);\nlet visibleP = Cypress.$(\".dom-p p.visible\").get(0); // our first paragraph has css class 'hidden'\nexpect(Cypress.dom.isHidden(hiddenP)).to.be.true;\nexpect(Cypress.dom.isHidden(visibleP)).to.be.false;",
              "err": {},
              "uuid": "5cfbb9b3-e8b8-4441-8988-941eda6483d1",
              "parentUUID": "bbf67a81-2e3a-41cf-92d5-efcef018b438",
              "isHook": false,
              "skipped": false
            }
          ],
          "suites": [],
          "passes": [
            "5cfbb9b3-e8b8-4441-8988-941eda6483d1"
          ],
          "failures": [],
          "pending": [],
          "skipped": [],
          "duration": 191,
          "root": false,
          "rootEmpty": false,
          "_timeout": 2000
        },
        {
          "uuid": "705ffb2e-6a93-464f-a5f3-6b119485cfc8",
          "title": "Cypress.env()",
          "fullFile": "",
          "file": "",
          "beforeHooks": [],
          "afterHooks": [],
          "tests": [
            {
              "title": "Get environment variables",
              "fullTitle": "Cypress.env() Get environment variables",
              "timedOut": null,
              "duration": 156,
              "state": "passed",
              "speed": "fast",
              "pass": true,
              "fail": false,
              "pending": false,
              "context": null,
              "code": "// https://on.cypress.io/env\n// set multiple environment variables\nCypress.env({\n  host: \"veronica.dev.local\",\n  api_server: \"http://localhost:8888/v1/\"\n}); // get environment variable\nexpect(Cypress.env(\"host\")).to.eq(\"veronica.dev.local\"); // set environment variable\nCypress.env(\"api_server\", \"http://localhost:8888/v2/\");\nexpect(Cypress.env(\"api_server\")).to.eq(\"http://localhost:8888/v2/\"); // get all environment variable\nexpect(Cypress.env()).to.have.property(\"host\", \"veronica.dev.local\");\nexpect(Cypress.env()).to.have.property(\"api_server\", \"http://localhost:8888/v2/\");",
              "err": {},
              "uuid": "ee8548e1-a32a-4aef-8534-26333ac02e6c",
              "parentUUID": "705ffb2e-6a93-464f-a5f3-6b119485cfc8",
              "isHook": false,
              "skipped": false
            }
          ],
          "suites": [],
          "passes": [
            "ee8548e1-a32a-4aef-8534-26333ac02e6c"
          ],
          "failures": [],
          "pending": [],
          "skipped": [],
          "duration": 156,
          "root": false,
          "rootEmpty": false,
          "_timeout": 2000
        },
        {
          "uuid": "0988db9f-641e-4c4d-be60-1b1f7ab276ba",
          "title": "Cypress.log",
          "fullFile": "",
          "file": "",
          "beforeHooks": [],
          "afterHooks": [],
          "tests": [
            {
              "title": "Control what is printed to the Command Log",
              "fullTitle": "Cypress.log Control what is printed to the Command Log",
              "timedOut": null,
              "duration": 162,
              "state": "passed",
              "speed": "fast",
              "pass": true,
              "fail": false,
              "pending": false,
              "context": null,
              "code": "// https://on.cypress.io/cypress-log",
              "err": {},
              "uuid": "b81b18ad-636e-4771-a7a5-63b66b159f4e",
              "parentUUID": "0988db9f-641e-4c4d-be60-1b1f7ab276ba",
              "isHook": false,
              "skipped": false
            }
          ],
          "suites": [],
          "passes": [
            "b81b18ad-636e-4771-a7a5-63b66b159f4e"
          ],
          "failures": [],
          "pending": [],
          "skipped": [],
          "duration": 162,
          "root": false,
          "rootEmpty": false,
          "_timeout": 2000
        },
        {
          "uuid": "85186778-7bfd-441f-a2ff-e7e8dc8e068b",
          "title": "Cypress.platform",
          "fullFile": "",
          "file": "",
          "beforeHooks": [],
          "afterHooks": [],
          "tests": [
            {
              "title": "Get underlying OS name",
              "fullTitle": "Cypress.platform Get underlying OS name",
              "timedOut": null,
              "duration": 220,
              "state": "passed",
              "speed": "fast",
              "pass": true,
              "fail": false,
              "pending": false,
              "context": null,
              "code": "// https://on.cypress.io/platform\nexpect(Cypress.platform).to.be.exist;",
              "err": {},
              "uuid": "c0dc53ad-2dcd-458f-a8b9-c2e0269544aa",
              "parentUUID": "85186778-7bfd-441f-a2ff-e7e8dc8e068b",
              "isHook": false,
              "skipped": false
            }
          ],
          "suites": [],
          "passes": [
            "c0dc53ad-2dcd-458f-a8b9-c2e0269544aa"
          ],
          "failures": [],
          "pending": [],
          "skipped": [],
          "duration": 220,
          "root": false,
          "rootEmpty": false,
          "_timeout": 2000
        },
        {
          "uuid": "eef9377a-234d-4996-8d7b-4e88e7b7dfe9",
          "title": "Cypress.version",
          "fullFile": "",
          "file": "",
          "beforeHooks": [],
          "afterHooks": [],
          "tests": [
            {
              "title": "Get current version of Cypress being run",
              "fullTitle": "Cypress.version Get current version of Cypress being run",
              "timedOut": null,
              "duration": 172,
              "state": "passed",
              "speed": "fast",
              "pass": true,
              "fail": false,
              "pending": false,
              "context": null,
              "code": "// https://on.cypress.io/version\nexpect(Cypress.version).to.be.exist;",
              "err": {},
              "uuid": "cb5ccd46-ee36-4458-a842-3e77cacc47b9",
              "parentUUID": "eef9377a-234d-4996-8d7b-4e88e7b7dfe9",
              "isHook": false,
              "skipped": false
            }
          ],
          "suites": [],
          "passes": [
            "cb5ccd46-ee36-4458-a842-3e77cacc47b9"
          ],
          "failures": [],
          "pending": [],
          "skipped": [],
          "duration": 172,
          "root": false,
          "rootEmpty": false,
          "_timeout": 2000
        },
        {
          "uuid": "15514bdf-979a-4496-9beb-598df06bba69",
          "title": "Cypress.spec",
          "fullFile": "",
          "file": "",
          "beforeHooks": [],
          "afterHooks": [],
          "tests": [
            {
              "title": "Get current spec information",
              "fullTitle": "Cypress.spec Get current spec information",
              "timedOut": null,
              "duration": 163,
              "state": "passed",
              "speed": "fast",
              "pass": true,
              "fail": false,
              "pending": false,
              "context": null,
              "code": "// https://on.cypress.io/spec\n// wrap the object so we can inspect it easily by clicking in the command log\ncy.wrap(Cypress.spec).should(\"include.keys\", [\"name\", \"relative\", \"absolute\"]);",
              "err": {},
              "uuid": "0f8473e7-eaa7-4343-8a79-f46027a28bce",
              "parentUUID": "15514bdf-979a-4496-9beb-598df06bba69",
              "isHook": false,
              "skipped": false
            }
          ],
          "suites": [],
          "passes": [
            "0f8473e7-eaa7-4343-8a79-f46027a28bce"
          ],
          "failures": [],
          "pending": [],
          "skipped": [],
          "duration": 163,
          "root": false,
          "rootEmpty": false,
[...]
              "timedOut": null,
              "duration": 159,
              "state": "passed",
              "speed": "fast",
              "pass": true,
              "fail": false,
              "pending": false,
              "context": null,
              "code": "// https://on.cypress.io/prevuntil\ncy.get(\".foods-list\").find(\"#nuts\").prevUntil(\"#veggies\").should(\"have.length\", 3);",
              "err": {},
              "uuid": "d07e49e3-8f76-4988-816c-aed4e311e5bd",
              "parentUUID": "b2ed7c93-7625-4252-9834-0228191e1f7b",
              "isHook": false,
              "skipped": false
            },
            {
              "title": ".siblings() - get all sibling DOM elements",
              "fullTitle": "Traversal .siblings() - get all sibling DOM elements",
              "timedOut": null,
              "duration": 168,
              "state": "passed",
              "speed": "fast",
              "pass": true,
              "fail": false,
              "pending": false,
              "context": null,
              "code": "// https://on.cypress.io/siblings\ncy.get(\".traversal-pills .active\").siblings().should(\"have.length\", 2);",
              "err": {},
              "uuid": "fcd561a7-d7f7-42df-b38b-62f0b39d4d4a",
              "parentUUID": "b2ed7c93-7625-4252-9834-0228191e1f7b",
              "isHook": false,
              "skipped": false
            }
          ],
          "suites": [],
          "passes": [
            "1a1d11ef-6a92-4983-926e-f14cccb13bf1",
            "588053ca-fe48-4bc6-9acc-a89da66ee70a",
            "6f8fd052-3c4b-4c6a-944a-41829b3287b1",
            "d2f23759-914f-4179-81c8-9bbd43ab66d9",
            "30fcc85c-29ad-43ac-b660-53b4e9112050",
            "3b57e8fd-584f-422f-b209-9244edd23464",
            "df05484d-9414-4a2b-978e-1797650bc29f",
            "4b682c6a-512f-4c75-852e-119c73817a5e",
            "2de8b01c-5743-45b5-8c66-78c84f7c6427",
            "343738eb-98bc-434b-855d-44069d933dd2",
            "625d93e6-d54b-4764-9cce-88fab97e7d6a",
            "e7f33d9f-fdcd-4cb6-ba8d-13dcd1c711f8",
            "d8a72e62-9df8-4d32-aad8-4e6211af8856",
            "ed6bedba-2f62-4905-838e-928e3e4a8bda",
            "4fa5266c-5b74-4019-bca8-8f68bd7dfa46",
            "a8ea1059-d64c-4c74-92a6-4ffa59a4f1d3",
            "d07e49e3-8f76-4988-816c-aed4e311e5bd",
            "fcd561a7-d7f7-42df-b38b-62f0b39d4d4a"
          ],
          "failures": [],
          "pending": [],
          "skipped": [],
          "duration": 3483,
          "root": false,
          "rootEmpty": false,
          "_timeout": 2000
        }
      ],
      "passes": [],
      "failures": [],
      "pending": [],
      "skipped": [],
      "duration": 0,
      "root": true,
      "rootEmpty": true,
      "_timeout": 2000
    },
    {
      "uuid": "5eaab44c-66d3-4fe9-9ebd-1620ac26cf72",
      "title": "",
      "fullFile": "cypress/e2e/2-advanced-examples/utilities.cy.js",
      "file": "cypress/e2e/2-advanced-examples/utilities.cy.js",
      "beforeHooks": [],
      "afterHooks": [],
      "tests": [],
      "suites": [
        {
          "uuid": "b77a3c4c-58ee-43e8-88d8-3acc2ea079f2",
          "title": "Utilities",
          "fullFile": "",
          "file": "",
          "beforeHooks": [],
          "afterHooks": [],
          "tests": [
            {
              "title": "Cypress._ - call a lodash method",
              "fullTitle": "Utilities Cypress._ - call a lodash method",
              "timedOut": null,
              "duration": 1139,
              "state": "passed",
              "speed": "fast",
              "pass": true,
              "fail": false,
              "pending": false,
              "context": null,
              "code": "// https://on.cypress.io/_\ncy.request(\"https://jsonplaceholder.cypress.io/users\").then(response => {\n  let ids = Cypress._.chain(response.body).map(\"id\").take(3).value();\n  expect(ids).to.deep.eq([1, 2, 3]);\n});",
              "err": {},
              "uuid": "844444eb-699d-47a2-b034-6ad6321d473a",
              "parentUUID": "b77a3c4c-58ee-43e8-88d8-3acc2ea079f2",
              "isHook": false,
              "skipped": false
            },
            {
              "title": "Cypress.$ - call a jQuery method",
              "fullTitle": "Utilities Cypress.$ - call a jQuery method",
              "timedOut": null,
              "duration": 281,
              "state": "passed",
              "speed": "fast",
              "pass": true,
              "fail": false,
              "pending": false,
              "context": null,
              "code": "// https://on.cypress.io/$\nlet $li = Cypress.$(\".utility-jquery li:first\");\ncy.wrap($li).should(\"not.have.class\", \"active\").click().should(\"have.class\", \"active\");",
              "err": {},
              "uuid": "bf77e9b0-d8aa-4afa-a0cf-31fe60221f44",
              "parentUUID": "b77a3c4c-58ee-43e8-88d8-3acc2ea079f2",
              "isHook": false,
              "skipped": false
            },
            {
              "title": "Cypress.Blob - blob utilities and base64 string conversion",
              "fullTitle": "Utilities Cypress.Blob - blob utilities and base64 string conversion",
              "timedOut": null,
              "duration": 672,
              "state": "passed",
              "speed": "fast",
              "pass": true,
              "fail": false,
              "pending": false,
              "context": null,
              "code": "// https://on.cypress.io/blob\ncy.get(\".utility-blob\").then($div => {\n  // https://github.com/nolanlawson/blob-util#imgSrcToDataURL\n  // get the dataUrl string for the javascript-logo\n  return Cypress.Blob.imgSrcToDataURL(\"https://example.cypress.io/assets/img/javascript-logo.png\", undefined, \"anonymous\").then(dataUrl => {\n    // create an <img> element and set its src to the dataUrl\n    let img = Cypress.$(\"<img />\", {\n      src: dataUrl\n    }); // need to explicitly return cy here since we are initially returning\n    // the Cypress.Blob.imgSrcToDataURL promise to our test\n    // append the image\n    $div.append(img);\n    cy.get(\".utility-blob img\").click().should(\"have.attr\", \"src\", dataUrl);\n  });\n});",
              "err": {},
              "uuid": "7b0487db-e501-4c2d-868a-fb1bdfc999b0",
              "parentUUID": "b77a3c4c-58ee-43e8-88d8-3acc2ea079f2",
              "isHook": false,
              "skipped": false
            },
            {
              "title": "Cypress.minimatch - test out glob patterns against strings",
              "fullTitle": "Utilities Cypress.minimatch - test out glob patterns against strings",
              "timedOut": null,
              "duration": 180,
              "state": "passed",
              "speed": "fast",
              "pass": true,
              "fail": false,
              "pending": false,
              "context": null,
              "code": "// https://on.cypress.io/minimatch\nlet matching = Cypress.minimatch(\"/users/1/comments\", \"/users/*/comments\", {\n  matchBase: true\n});\nexpect(matching, \"matching wildcard\").to.be.true;\nmatching = Cypress.minimatch(\"/users/1/comments/2\", \"/users/*/comments\", {\n  matchBase: true\n});\nexpect(matching, \"comments\").to.be.false; // ** matches against all downstream path segments\nmatching = Cypress.minimatch(\"/foo/bar/baz/123/quux?a=b&c=2\", \"/foo/**\", {\n  matchBase: true\n});\nexpect(matching, \"comments\").to.be.true; // whereas * matches only the next path segment\nmatching = Cypress.minimatch(\"/foo/bar/baz/123/quux?a=b&c=2\", \"/foo/*\", {\n  matchBase: false\n});\nexpect(matching, \"comments\").to.be.false;",
              "err": {},
              "uuid": "6277343c-0538-454c-8664-56400ee2fdc3",
              "parentUUID": "b77a3c4c-58ee-43e8-88d8-3acc2ea079f2",
              "isHook": false,
              "skipped": false
            },
            {
              "title": "Cypress.Promise - instantiate a bluebird promise",
              "fullTitle": "Utilities Cypress.Promise - instantiate a bluebird promise",
              "timedOut": null,
              "duration": 1155,
              "state": "passed",
              "speed": "fast",
              "pass": true,
              "fail": false,
              "pending": false,
              "context": null,
              "code": "// https://on.cypress.io/promise\nlet waited = false;\n/**\n * @return Bluebird<string>\n */\nfunction waitOneSecond() {\n  // return a promise that resolves after 1 second\n  return new Cypress.Promise((resolve, reject) => {\n    setTimeout(() => {\n      // set waited to true\n      waited = true; // resolve with 'foo' string\n      resolve(\"foo\");\n    }, 1000);\n  });\n}\ncy.then(() => {\n  // return a promise to cy.then() that\n  // is awaited until it resolves\n  return waitOneSecond().then(str => {\n    expect(str).to.eq(\"foo\");\n    expect(waited).to.be.true;\n  });\n});",
              "err": {},
              "uuid": "668613ce-dc7b-4cd9-990e-1e90762c2c6c",
              "parentUUID": "b77a3c4c-58ee-43e8-88d8-3acc2ea079f2",
              "isHook": false,
              "skipped": false
            }
          ],
          "suites": [],
          "passes": [
            "844444eb-699d-47a2-b034-6ad6321d473a",
            "bf77e9b0-d8aa-4afa-a0cf-31fe60221f44",
            "7b0487db-e501-4c2d-868a-fb1bdfc999b0",
            "6277343c-0538-454c-8664-56400ee2fdc3",
            "668613ce-dc7b-4cd9-990e-1e90762c2c6c"
          ],
          "failures": [],
          "pending": [],
          "skipped": [],
          "duration": 3427,
          "root": false,
          "rootEmpty": false,
          "_timeout": 2000
        }
      ],
      "passes": [],
      "failures": [],
      "pending": [],
      "skipped": [],
      "duration": 0,
      "root": true,
      "rootEmpty": true,
      "_timeout": 2000
    },
    {
      "uuid": "7d12bde9-ea6a-4c1e-a486-f9826ae4df8e",
      "title": "",
      "fullFile": "cypress/e2e/2-advanced-examples/viewport.cy.js",
      "file": "cypress/e2e/2-advanced-examples/viewport.cy.js",
      "beforeHooks": [],
      "afterHooks": [],
      "tests": [],
      "suites": [
        {
          "uuid": "4b1e897a-c99a-49e3-b5b9-333349f7d59b",
          "title": "Viewport",
          "fullFile": "",
          "file": "",
          "beforeHooks": [],
          "afterHooks": [],
          "tests": [
            {
              "title": "cy.viewport() - set the viewport size and dimension",
              "fullTitle": "Viewport cy.viewport() - set the viewport size and dimension",
              "timedOut": null,
              "duration": 3432,
              "state": "passed",
              "speed": "fast",
              "pass": true,
              "fail": false,
              "pending": false,
              "context": null,
              "code": "// https://on.cypress.io/viewport\ncy.get(\"#navbar\").should(\"be.visible\");\ncy.viewport(320, 480); // the navbar should have collapse since our screen is smaller\ncy.get(\"#navbar\").should(\"not.be.visible\");\ncy.get(\".navbar-toggle\").should(\"be.visible\").click();\ncy.get(\".nav\").find(\"a\").should(\"be.visible\"); // lets see what our app looks like on a super large screen\ncy.viewport(2999, 2999); // cy.viewport() accepts a set of preset sizes\n// to easily set the screen to a device's width and height\n// We added a cy.wait() between each viewport change so you can see\n// the change otherwise it is a little too fast to see :)\ncy.viewport(\"macbook-15\");\ncy.wait(200);\ncy.viewport(\"macbook-13\");\ncy.wait(200);\ncy.viewport(\"macbook-11\");\ncy.wait(200);\ncy.viewport(\"ipad-2\");\ncy.wait(200);\ncy.viewport(\"ipad-mini\");\ncy.wait(200);\ncy.viewport(\"iphone-6+\");\ncy.wait(200);\ncy.viewport(\"iphone-6\");\ncy.wait(200);\ncy.viewport(\"iphone-5\");\ncy.wait(200);\ncy.viewport(\"iphone-4\");\ncy.wait(200);\ncy.viewport(\"iphone-3\");\ncy.wait(200); // cy.viewport() accepts an orientation for all presets\n// the default orientation is 'portrait'\ncy.viewport(\"ipad-2\", \"portrait\");\ncy.wait(200);\ncy.viewport(\"iphone-4\", \"landscape\");\ncy.wait(200); // The viewport will be reset back to the default dimensions\n// in between tests (the  default can be set in cypress.config.{js|ts})",
              "err": {},
              "uuid": "65dbc4f2-1452-4e51-8d85-0667e3158563",
              "parentUUID": "4b1e897a-c99a-49e3-b5b9-333349f7d59b",
              "isHook": false,
              "skipped": false
            }
          ],
          "suites": [],
          "passes": [
            "65dbc4f2-1452-4e51-8d85-0667e3158563"
          ],
          "failures": [],
          "pending": [],
          "skipped": [],
          "duration": 3432,
          "root": false,
          "rootEmpty": false,
          "_timeout": 2000
        }
      ],
      "passes": [],
      "failures": [],
      "pending": [],
      "skipped": [],
      "duration": 0,
      "root": true,
      "rootEmpty": true,
      "_timeout": 2000
    },
    {
      "uuid": "ac85e0e6-d3a3-48a1-828e-3e4274ed564b",
      "title": "",
      "fullFile": "cypress/e2e/2-advanced-examples/waiting.cy.js",
      "file": "cypress/e2e/2-advanced-examples/waiting.cy.js",
      "beforeHooks": [],
      "afterHooks": [],
      "tests": [],
      "suites": [
        {
          "uuid": "cf2f3a2b-4119-4718-81b2-734deb22dc4f",
          "title": "Waiting",
          "fullFile": "",
          "file": "",
          "beforeHooks": [],
          "afterHooks": [],
          "tests": [
            {
              "title": "cy.wait() - wait for a specific amount of time",
              "fullTitle": "Waiting cy.wait() - wait for a specific amount of time",
              "timedOut": null,
              "duration": 4881,
              "state": "passed",
              "speed": "fast",
              "pass": true,
              "fail": false,
              "pending": false,
              "context": null,
              "code": "cy.get(\".wait-input1\").type(\"Wait 1000ms after typing\");\ncy.wait(1000);\ncy.get(\".wait-input2\").type(\"Wait 1000ms after typing\");\ncy.wait(1000);\ncy.get(\".wait-input3\").type(\"Wait 1000ms after typing\");\ncy.wait(1000);",
              "err": {},
              "uuid": "6cfa4a58-ccef-40e7-a218-7c4d34b5f5be",
              "parentUUID": "cf2f3a2b-4119-4718-81b2-734deb22dc4f",
              "isHook": false,
              "skipped": false
            },
            {
              "title": "cy.wait() - wait for a specific route",
              "fullTitle": "Waiting cy.wait() - wait for a specific route",
              "timedOut": null,
              "duration": 889,
              "state": "passed",
              "speed": "fast",
              "pass": true,
              "fail": false,
              "pending": false,
              "context": null,
              "code": "// Listen to GET to comments/1\ncy.intercept(\"GET\", \"**/comments/*\").as(\"getComment\"); // we have code that gets a comment when\n// the button is clicked in scripts.js\ncy.get(\".network-btn\").click(); // wait for GET comments/1\ncy.wait(\"@getComment\").its(\"response.statusCode\").should(\"be.oneOf\", [200, 304]);",
              "err": {},
              "uuid": "efa8b54b-16ff-4099-89dc-03a790b3e168",
              "parentUUID": "cf2f3a2b-4119-4718-81b2-734deb22dc4f",
              "isHook": false,
              "skipped": false
            }
          ],
          "suites": [],
          "passes": [
            "6cfa4a58-ccef-40e7-a218-7c4d34b5f5be",
            "efa8b54b-16ff-4099-89dc-03a790b3e168"
          ],
          "failures": [],
          "pending": [],
          "skipped": [],
          "duration": 5770,
          "root": false,
          "rootEmpty": false,
          "_timeout": 2000
        }
      ],
      "passes": [],
      "failures": [],
      "pending": [],
      "skipped": [],
      "duration": 0,
      "root": true,
      "rootEmpty": true,
      "_timeout": 2000
    },
    {
      "uuid": "2f485642-e342-46c8-b204-6ce333a0d3d6",
      "title": "",
      "fullFile": "cypress/e2e/2-advanced-examples/window.cy.js",
      "file": "cypress/e2e/2-advanced-examples/window.cy.js",
      "beforeHooks": [],
      "afterHooks": [],
      "tests": [],
      "suites": [
        {
          "uuid": "8dd47e3b-a6dd-415f-987a-70aeeb17094f",
          "title": "Window",
          "fullFile": "",
          "file": "",
          "beforeHooks": [],
          "afterHooks": [],
          "tests": [
            {
              "title": "cy.window() - get the global window object",
              "fullTitle": "Window cy.window() - get the global window object",
              "timedOut": null,
              "duration": 391,
              "state": "passed",
              "speed": "fast",
              "pass": true,
              "fail": false,
              "pending": false,
              "context": null,
              "code": "// https://on.cypress.io/window\ncy.window().should(\"have.property\", \"top\");",
              "err": {},
              "uuid": "6d5399e2-e4df-47e6-81a2-b226de596b39",
              "parentUUID": "8dd47e3b-a6dd-415f-987a-70aeeb17094f",
              "isHook": false,
              "skipped": false
            },
            {
              "title": "cy.document() - get the document object",
              "fullTitle": "Window cy.document() - get the document object",
              "timedOut": null,
              "duration": 143,
              "state": "passed",
              "speed": "fast",
              "pass": true,
              "fail": false,
              "pending": false,
              "context": null,
              "code": "// https://on.cypress.io/document\ncy.document().should(\"have.property\", \"charset\").and(\"eq\", \"UTF-8\");",
              "err": {},
              "uuid": "e57c439b-ae14-4416-9e52-a524434950af",
              "parentUUID": "8dd47e3b-a6dd-415f-987a-70aeeb17094f",
              "isHook": false,
              "skipped": false
            },
            {
              "title": "cy.title() - get the title",
              "fullTitle": "Window cy.title() - get the title",
              "timedOut": null,
              "duration": 141,
              "state": "passed",
              "speed": "fast",
              "pass": true,
              "fail": false,
              "pending": false,
              "context": null,
              "code": "// https://on.cypress.io/title\ncy.title().should(\"include\", \"Kitchen Sink\");",
              "err": {},
              "uuid": "e2a779d4-490d-403c-9ac0-9866afa82436",
              "parentUUID": "8dd47e3b-a6dd-415f-987a-70aeeb17094f",
              "isHook": false,
              "skipped": false
            }
          ],
          "suites": [],
          "passes": [
            "6d5399e2-e4df-47e6-81a2-b226de596b39",
            "e57c439b-ae14-4416-9e52-a524434950af",
            "e2a779d4-490d-403c-9ac0-9866afa82436"
          ],
          "failures": [],
          "pending": [],
          "skipped": [],
          "duration": 675,
          "root": false,
          "rootEmpty": false,
          "_timeout": 2000
        }
      ],
      "passes": [],
      "failures": [],
      "pending": [],
      "skipped": [],
      "duration": 0,
      "root": true,
      "rootEmpty": true,
      "_timeout": 2000
    }
  ],
  "meta": {
    "mocha": {
      "version": "7.0.1"
    },
    "mochawesome": {
      "options": {
        "quiet": false,
        "reportFilename": "mochawesome",
        "saveHtml": true,
        "saveJson": true,
        "consoleReporter": "spec",
        "useInlineDiffs": false,
        "code": true
      },
      "version": "7.1.3"
    },
    "marge": {
      "options": {
        "id": "default",
        "reportDir": "cypress/reports/mocha",
        "quite": true,
        "overwrite": false,
        "html": true,
        "json": true
      },
      "version": "6.2.0"
    }
  }
}